Log file open, 01/05/22 12:24:32
LogWindows: Failed to load 'aqProf.dll' (GetLastError=126)
LogWindows: File 'aqProf.dll' does not exist
LogWindows: Failed to load 'VtuneApi.dll' (GetLastError=126)
LogWindows: File 'VtuneApi.dll' does not exist
LogWindows: Failed to load 'VtuneApi32e.dll' (GetLastError=126)
LogWindows: File 'VtuneApi32e.dll' does not exist
LogConsoleResponse: Display: Failed to find resolution value strings in scalability ini. Falling back to default.
LogConsoleResponse: Display: Failed to find resolution value strings in scalability ini. Falling back to default.
LogInit: Display: Running engine for game: Floor1001
LogPlatformFile: Not using cached read wrapper
LogTaskGraph: Started task graph with 5 named threads and 23 total threads with 3 sets of task threads.
LogStats: Stats thread started at 0.233793
LogICUInternationalization: ICU TimeZone Detection - Raw Offset: +2:00, Platform Override: ''
LogInit: Display: Loading text-based GConfig....
LogPluginManager: Mounting plugin MeshPainting
LogPluginManager: Mounting plugin XGEController
LogPluginManager: Mounting plugin Paper2D
LogPluginManager: Mounting plugin LiveLink
LogPluginManager: Mounting plugin AISupport
LogPluginManager: Mounting plugin EnvironmentQueryEditor
LogPluginManager: Mounting plugin CameraShakePreviewer
LogPluginManager: Mounting plugin LightPropagationVolume
LogPluginManager: Mounting plugin GameplayCameras
LogPluginManager: Mounting plugin OodleData
LogPluginManager: Mounting plugin OodleNetwork
LogPluginManager: Mounting plugin AnimationSharing
LogPluginManager: Mounting plugin CLionSourceCodeAccess
LogPluginManager: Mounting plugin CodeLiteSourceCodeAccess
LogPluginManager: Mounting plugin GitSourceControl
LogPluginManager: Mounting plugin KDevelopSourceCodeAccess
LogPluginManager: Mounting plugin NullSourceCodeAccess
LogPluginManager: Mounting plugin DatasmithContent
LogPluginManager: Mounting plugin PerforceSourceControl
LogPluginManager: Mounting plugin PixWinPlugin
LogPluginManager: Mounting plugin VariantManagerContent
LogPluginManager: Mounting plugin PlasticSourceControl
LogPluginManager: Mounting plugin PluginUtils
LogPluginManager: Mounting plugin PropertyAccessNode
LogPluginManager: Mounting plugin SubversionSourceControl
LogPluginManager: Mounting plugin RiderSourceCodeAccess
LogPluginManager: Mounting plugin TextureFormatOodle
LogPluginManager: Mounting plugin UObjectPlugin
LogPluginManager: Mounting plugin VisualStudioCodeSourceCodeAccess
LogPluginManager: Mounting plugin XCodeSourceCodeAccess
LogPluginManager: Mounting plugin VisualStudioSourceCodeAccess
LogPluginManager: Mounting plugin AssetManagerEditor
LogPluginManager: Mounting plugin LuminPlatformFeatures
LogPluginManager: Mounting plugin MagicLeap
LogPluginManager: Mounting plugin MagicLeapLightEstimation
LogPluginManager: Mounting plugin MagicLeapMedia
LogPluginManager: Mounting plugin CurveEditorTools
LogPluginManager: Mounting plugin CryptoKeys
LogPluginManager: Mounting plugin DataValidation
LogPluginManager: Mounting plugin FacialAnimation
LogPluginManager: Mounting plugin MagicLeapPassableWorld
LogPluginManager: Mounting plugin GameplayTagsEditor
LogPluginManager: Mounting plugin GeometryMode
LogPluginManager: Mounting plugin MacGraphicsSwitching
LogPluginManager: Mounting plugin MaterialAnalyzer
LogPluginManager: Mounting plugin MobileLauncherProfileWizard
LogPluginManager: Mounting plugin MLSDK
LogPluginManager: Mounting plugin PluginBrowser
LogPluginManager: Mounting plugin SpeedTreeImporter
LogPluginManager: Mounting plugin AlembicImporter
LogPluginManager: Mounting plugin Niagara
LogPluginManager: Mounting plugin AutomationUtils
LogPluginManager: Mounting plugin BackChannel
LogPluginManager: Mounting plugin ChaosCloth
LogPluginManager: Mounting plugin ChaosClothEditor
LogPluginManager: Mounting plugin ChaosEditor
LogPluginManager: Mounting plugin ChaosSolverPlugin
LogPluginManager: Mounting plugin CharacterAI
LogPluginManager: Mounting plugin ChaosNiagara
LogPluginManager: Mounting plugin GeometryCache
LogPluginManager: Mounting plugin AndroidMedia
LogPluginManager: Mounting plugin GeometryCollectionPlugin
LogPluginManager: Mounting plugin AvfMedia
LogPluginManager: Mounting plugin ImgMedia
LogPluginManager: Mounting plugin MediaCompositing
LogPluginManager: Mounting plugin MediaPlayerEditor
LogPluginManager: Mounting plugin WebMMedia
LogPluginManager: Mounting plugin WmfMedia
LogPluginManager: Mounting plugin GeometryProcessing
LogPluginManager: Mounting plugin OpenImageDenoise
LogPluginManager: Mounting plugin MotoSynth
LogPluginManager: Mounting plugin PlanarCut
LogPluginManager: Mounting plugin PlatformCrypto
LogPluginManager: Mounting plugin ProxyLODPlugin
LogPluginManager: Mounting plugin PythonScriptPlugin
LogPluginManager: Mounting plugin SkeletalReduction
LogPluginManager: Mounting plugin TcpMessaging
LogPluginManager: Mounting plugin UdpMessaging
LogPluginManager: Mounting plugin ActorSequence
LogPluginManager: Mounting plugin LevelSequenceEditor
LogPluginManager: Mounting plugin MatineeToLevelSequence
LogPluginManager: Mounting plugin TemplateSequence
LogPluginManager: Mounting plugin OnlineSubsystem
LogPluginManager: Mounting plugin OnlineSubsystemNull
LogPluginManager: Mounting plugin OnlineSubsystemUtils
LogPluginManager: Mounting plugin LauncherChunkInstaller
LogPluginManager: Mounting plugin ActorLayerUtilities
LogPluginManager: Mounting plugin AndroidDeviceProfileSelector
LogPluginManager: Mounting plugin AndroidMoviePlayer
LogPluginManager: Mounting plugin AndroidPermission
LogPluginManager: Mounting plugin AppleImageUtils
LogPluginManager: Mounting plugin AppleMoviePlayer
LogPluginManager: Mounting plugin AssetTags
LogPluginManager: Mounting plugin AudioCapture
LogPluginManager: Mounting plugin ArchVisCharacter
LogPluginManager: Mounting plugin AudioSynesthesia
LogPluginManager: Mounting plugin CableComponent
LogPluginManager: Mounting plugin ChunkDownloader
LogPluginManager: Mounting plugin CustomMeshComponent
LogPluginManager: Mounting plugin EditableMesh
LogPluginManager: Mounting plugin ExampleDeviceProfileSelector
LogPluginManager: Mounting plugin GooglePAD
LogPluginManager: Mounting plugin GoogleCloudMessaging
LogPluginManager: Mounting plugin ScreenshotTools
LogPluginManager: Mounting plugin IOSDeviceProfileSelector
LogPluginManager: Mounting plugin LinuxDeviceProfileSelector
LogPluginManager: Mounting plugin LocationServicesBPLibrary
LogPluginManager: Mounting plugin MobilePatchingUtils
LogPluginManager: Mounting plugin OpenXR
LogPluginManager: Mounting plugin OpenXREyeTracker
LogPluginManager: Mounting plugin OpenXRHandTracking
LogPluginManager: Mounting plugin PhysXVehicles
LogPluginManager: Mounting plugin MultiUserTakes
LogPluginManager: Mounting plugin Takes
LogPluginManager: Mounting plugin PostSplashScreen
LogPluginManager: Mounting plugin ProceduralMeshComponent
LogPluginManager: Mounting plugin PropertyAccessEditor
LogPluginManager: Mounting plugin RuntimePhysXCooking
LogPluginManager: Mounting plugin SignificanceManager
LogPluginManager: Mounting plugin SoundFields
LogPluginManager: Mounting plugin Synthesis
LogPluginManager: Mounting plugin WebMMoviePlayer
LogPluginManager: Mounting plugin WindowsMoviePlayer
LogPluginManager: Mounting plugin ConcertMain
LogPluginManager: Mounting plugin MultiUserClient
LogPluginManager: Mounting plugin ContentBrowserAssetDataSource
LogPluginManager: Mounting plugin ContentBrowserClassDataSource
LogPluginManager: Mounting plugin ContentBrowserFileDataSource
LogPluginManager: Mounting plugin OnlineSubsystemGooglePlay
LogPluginManager: Mounting plugin OnlineSubsystemIOS
LogPluginManager: Mounting plugin SQLiteCore
LogPluginManager: Mounting plugin OculusVR
LogPluginManager: Mounting plugin SteamVR
LogPluginManager: Mounting plugin ConcertSyncClient
LogPluginManager: Mounting plugin ConcertSyncCore
PixWinPlugin: PIX capture plugin failed to initialize! Check that the process is launched from PIX.
LogInit: Using libcurl 7.55.1-DEV
LogInit:  - built for x86_64-pc-win32
LogInit:  - supports SSL with OpenSSL/1.1.1
LogInit:  - supports HTTP deflate (compression) using libz 1.2.8
LogInit:  - other features:
LogInit:      CURL_VERSION_SSL
LogInit:      CURL_VERSION_LIBZ
LogInit:      CURL_VERSION_IPV6
LogInit:      CURL_VERSION_ASYNCHDNS
LogInit:      CURL_VERSION_LARGEFILE
LogInit:      CURL_VERSION_IDN
LogInit:  CurlRequestOptions (configurable via config and command line):
LogInit:  - bVerifyPeer = true  - Libcurl will verify peer certificate
LogInit:  - bUseHttpProxy = false  - Libcurl will NOT use HTTP proxy
LogInit:  - bDontReuseConnections = false  - Libcurl will reuse connections
LogInit:  - MaxHostConnections = 16  - Libcurl will limit the number of connections to a host
LogInit:  - LocalHostAddr = Default
LogInit:  - BufferSize = 65536
LogOnline: OSS: Creating online subsystem instance for: NULL
LogInit: WinSock: version 1.1 (2.2), MaxSocks=32767, MaxUdp=65467
LogOnline: OSS: TryLoadSubsystemAndSetDefault: Loaded subsystem for module [NULL]
LogOculusPluginWrapper: OculusPlugin initialized successfully
LogHMD: Failed initializing OVRPlugin 1.59.0
LogInit: Build: ++UE4+Release-4.27-CL-18319896
LogInit: Engine Version: 4.27.2-18319896+++UE4+Release-4.27
LogInit: Compatible Engine Version: 4.27.0-17155196+++UE4+Release-4.27
LogInit: Net CL: 17155196
LogInit: OS: Windows 10 (Release 2009) (), CPU: 11th Gen Intel(R) Core(TM) i7-11370H @ 3.30GHz, GPU: Intel(R) Iris(R) Xe Graphics
LogInit: Compiled (64-bit): Nov 30 2021 07:12:08
LogInit: Compiled with Visual C++: 19.24.28315.00
LogInit: Build Configuration: Development
LogInit: Branch Name: ++UE4+Release-4.27
LogInit: Command Line: 
LogInit: Base Directory: C:/Program Files/Epic Games/UE_4.27/Engine/Binaries/Win64/
LogInit: Allocator: TBB
LogInit: Installed Engine Build: 1
LogDevObjectVersion: Number of dev versions registered: 29
LogDevObjectVersion:   Dev-Blueprints (B0D832E4-1F89-4F0D-ACCF-7EB736FD4AA2): 10
LogDevObjectVersion:   Dev-Build (E1C64328-A22C-4D53-A36C-8E866417BD8C): 0
LogDevObjectVersion:   Dev-Core (375EC13C-06E4-48FB-B500-84F0262A717E): 4
LogDevObjectVersion:   Dev-Editor (E4B068ED-F494-42E9-A231-DA0B2E46BB41): 40
LogDevObjectVersion:   Dev-Framework (CFFC743F-43B0-4480-9391-14DF171D2073): 37
LogDevObjectVersion:   Dev-Mobile (B02B49B5-BB20-44E9-A304-32B752E40360): 3
LogDevObjectVersion:   Dev-Networking (A4E4105C-59A1-49B5-A7C5-40C4547EDFEE): 0
LogDevObjectVersion:   Dev-Online (39C831C9-5AE6-47DC-9A44-9C173E1C8E7C): 0
LogDevObjectVersion:   Dev-Physics (78F01B33-EBEA-4F98-B9B4-84EACCB95AA2): 14
LogDevObjectVersion:   Dev-Platform (6631380F-2D4D-43E0-8009-CF276956A95A): 0
LogDevObjectVersion:   Dev-Rendering (12F88B9F-8875-4AFC-A67C-D90C383ABD29): 45
LogDevObjectVersion:   Dev-Sequencer (7B5AE74C-D270-4C10-A958-57980B212A5A): 13
LogDevObjectVersion:   Dev-VR (D7296918-1DD6-4BDD-9DE2-64A83CC13884): 3
LogDevObjectVersion:   Dev-LoadTimes (C2A15278-BFE7-4AFE-6C17-90FF531DF755): 1
LogDevObjectVersion:   Private-Geometry (6EACA3D4-40EC-4CC1-B786-8BED09428FC5): 3
LogDevObjectVersion:   Dev-AnimPhys (29E575DD-E0A3-4627-9D10-D276232CDCEA): 17
LogDevObjectVersion:   Dev-Anim (AF43A65D-7FD3-4947-9873-3E8ED9C1BB05): 15
LogDevObjectVersion:   Dev-ReflectionCapture (6B266CEC-1EC7-4B8F-A30B-E4D90942FC07): 1
LogDevObjectVersion:   Dev-Automation (0DF73D61-A23F-47EA-B727-89E90C41499A): 1
LogDevObjectVersion:   FortniteMain (601D1886-AC64-4F84-AA16-D3DE0DEAC7D6): 47
LogDevObjectVersion:   FortniteRelease (E7086368-6B23-4C58-8439-1B7016265E91): 1
LogDevObjectVersion:   Dev-Enterprise (9DFFBCD6-494F-0158-E221-12823C92A888): 10
LogDevObjectVersion:   Dev-Niagara (F2AED0AC-9AFE-416F-8664-AA7FFA26D6FC): 1
LogDevObjectVersion:   Dev-Destruction (174F1F0B-B4C6-45A5-B13F-2EE8D0FB917D): 10
LogDevObjectVersion:   Dev-Physics-Ext (35F94A83-E258-406C-A318-09F59610247C): 41
LogDevObjectVersion:   Dev-PhysicsMaterial-Chaos (B68FC16E-8B1B-42E2-B453-215C058844FE): 1
LogDevObjectVersion:   Dev-CineCamera (B2E18506-4273-CFC2-A54E-F4BB758BBA07): 1
LogDevObjectVersion:   Dev-VirtualProduction (64F58936-FD1B-42BA-BA96-7289D5D0FA4E): 1
LogDevObjectVersion:   Dev-MediaFramework (6F0ED827-A609-4895-9C91-998D90180EA4): 2
LogInit: Presizing for max 25165824 objects, including 0 objects not considered by GC, pre-allocating 0 bytes for permanent pool.
LogConfig: Applying CVar settings from Section [/Script/Engine.StreamingSettings] File [C:/Users/admin/Documents/Unreal Projects/Floor1001/Saved/Config/Windows/Engine.ini]
LogConfig: Setting CVar [[s.MinBulkDataSizeForAsyncLoading:131072]]
LogConfig: Setting CVar [[s.AsyncLoadingThreadEnabled:0]]
LogConfig: Setting CVar [[s.EventDrivenLoaderEnabled:1]]
LogConfig: Setting CVar [[s.WarnIfTimeLimitExceeded:0]]
LogConfig: Setting CVar [[s.TimeLimitExceededMultiplier:1.5]]
LogConfig: Setting CVar [[s.TimeLimitExceededMinTime:0.005]]
LogConfig: Setting CVar [[s.UseBackgroundLevelStreaming:1]]
LogConfig: Setting CVar [[s.PriorityAsyncLoadingExtraTime:15.0]]
LogConfig: Setting CVar [[s.LevelStreamingActorsUpdateTimeLimit:5.0]]
LogConfig: Setting CVar [[s.PriorityLevelStreamingActorsUpdateExtraTime:5.0]]
LogConfig: Setting CVar [[s.LevelStreamingComponentsRegistrationGranularity:10]]
LogConfig: Setting CVar [[s.UnregisterComponentsTimeLimit:1.0]]
LogConfig: Setting CVar [[s.LevelStreamingComponentsUnregistrationGranularity:5]]
LogConfig: Setting CVar [[s.FlushStreamingOnExit:1]]
LogInit: Object subsystem initialized
LogConfig: Setting CVar [[con.DebugEarlyDefault:1]]
LogConfig: Setting CVar [[r.setres:1280x720]]
[2022.01.05-10.24.33:343][  0]LogConfig: Setting CVar [[r.VSync:0]]
[2022.01.05-10.24.33:343][  0]LogConfig: Setting CVar [[r.RHICmdBypass:0]]
[2022.01.05-10.24.33:343][  0]LogConfig: Applying CVar settings from Section [/Script/Engine.RendererSettings] File [C:/Users/admin/Documents/Unreal Projects/Floor1001/Saved/Config/Windows/Engine.ini]
[2022.01.05-10.24.33:343][  0]LogConfig: Setting CVar [[r.GPUCrashDebugging:0]]
[2022.01.05-10.24.33:343][  0]LogConfig: Applying CVar settings from Section [/Script/Engine.RendererOverrideSettings] File [C:/Users/admin/Documents/Unreal Projects/Floor1001/Saved/Config/Windows/Engine.ini]
[2022.01.05-10.24.33:343][  0]LogConfig: Applying CVar settings from Section [/Script/Engine.StreamingSettings] File [C:/Users/admin/Documents/Unreal Projects/Floor1001/Saved/Config/Windows/Engine.ini]
[2022.01.05-10.24.33:343][  0]LogConfig: Setting CVar [[s.MinBulkDataSizeForAsyncLoading:131072]]
[2022.01.05-10.24.33:343][  0]LogConfig: Setting CVar [[s.AsyncLoadingThreadEnabled:0]]
[2022.01.05-10.24.33:343][  0]LogConfig: Setting CVar [[s.EventDrivenLoaderEnabled:1]]
[2022.01.05-10.24.33:343][  0]LogConfig: Setting CVar [[s.WarnIfTimeLimitExceeded:0]]
[2022.01.05-10.24.33:343][  0]LogConfig: Setting CVar [[s.TimeLimitExceededMultiplier:1.5]]
[2022.01.05-10.24.33:343][  0]LogConfig: Setting CVar [[s.TimeLimitExceededMinTime:0.005]]
[2022.01.05-10.24.33:343][  0]LogConfig: Setting CVar [[s.UseBackgroundLevelStreaming:1]]
[2022.01.05-10.24.33:343][  0]LogConfig: Setting CVar [[s.PriorityAsyncLoadingExtraTime:15.0]]
[2022.01.05-10.24.33:343][  0]LogConfig: Setting CVar [[s.LevelStreamingActorsUpdateTimeLimit:5.0]]
[2022.01.05-10.24.33:343][  0]LogConfig: Setting CVar [[s.PriorityLevelStreamingActorsUpdateExtraTime:5.0]]
[2022.01.05-10.24.33:343][  0]LogConfig: Setting CVar [[s.LevelStreamingComponentsRegistrationGranularity:10]]
[2022.01.05-10.24.33:343][  0]LogConfig: Setting CVar [[s.UnregisterComponentsTimeLimit:1.0]]
[2022.01.05-10.24.33:343][  0]LogConfig: Setting CVar [[s.LevelStreamingComponentsUnregistrationGranularity:5]]
[2022.01.05-10.24.33:343][  0]LogConfig: Setting CVar [[s.FlushStreamingOnExit:1]]
[2022.01.05-10.24.33:343][  0]LogConfig: Applying CVar settings from Section [/Script/Engine.GarbageCollectionSettings] File [C:/Users/admin/Documents/Unreal Projects/Floor1001/Saved/Config/Windows/Engine.ini]
[2022.01.05-10.24.33:343][  0]LogConfig: Setting CVar [[gc.MaxObjectsNotConsideredByGC:1]]
[2022.01.05-10.24.33:343][  0]LogConfig: Setting CVar [[gc.SizeOfPermanentObjectPool:0]]
[2022.01.05-10.24.33:343][  0]LogConfig: Setting CVar [[gc.FlushStreamingOnGC:0]]
[2022.01.05-10.24.33:343][  0]LogConfig: Setting CVar [[gc.NumRetriesBeforeForcingGC:10]]
[2022.01.05-10.24.33:343][  0]LogConfig: Setting CVar [[gc.AllowParallelGC:1]]
[2022.01.05-10.24.33:343][  0]LogConfig: Setting CVar [[gc.TimeBetweenPurgingPendingKillObjects:61.1]]
[2022.01.05-10.24.33:343][  0]LogConfig: Setting CVar [[gc.MaxObjectsInEditor:25165824]]
[2022.01.05-10.24.33:343][  0]LogConfig: Setting CVar [[gc.IncrementalBeginDestroyEnabled:1]]
[2022.01.05-10.24.33:343][  0]LogConfig: Setting CVar [[gc.CreateGCClusters:1]]
[2022.01.05-10.24.33:343][  0]LogConfig: Setting CVar [[gc.MinGCClusterSize:5]]
[2022.01.05-10.24.33:343][  0]LogConfig: Setting CVar [[gc.ActorClusteringEnabled:0]]
[2022.01.05-10.24.33:343][  0]LogConfig: Setting CVar [[gc.BlueprintClusteringEnabled:0]]
[2022.01.05-10.24.33:343][  0]LogConfig: Setting CVar [[gc.UseDisregardForGCOnDedicatedServers:0]]
[2022.01.05-10.24.33:343][  0]LogConfig: Setting CVar [[gc.MultithreadedDestructionEnabled:1]]
[2022.01.05-10.24.33:343][  0]LogConfig: Applying CVar settings from Section [/Script/Engine.NetworkSettings] File [C:/Users/admin/Documents/Unreal Projects/Floor1001/Saved/Config/Windows/Engine.ini]
[2022.01.05-10.24.33:343][  0]LogConfig: Applying CVar settings from Section [/Script/UnrealEd.CookerSettings] File [C:/Users/admin/Documents/Unreal Projects/Floor1001/Saved/Config/Windows/Engine.ini]
[2022.01.05-10.24.33:348][  0]LogConfig: Applying CVar settings from Section [ViewDistanceQuality@3] File [C:/Users/admin/Documents/Unreal Projects/Floor1001/Saved/Config/Windows/Scalability.ini]
[2022.01.05-10.24.33:348][  0]LogConfig: Setting CVar [[r.SkeletalMeshLODBias:0]]
[2022.01.05-10.24.33:348][  0]LogConfig: Setting CVar [[r.ViewDistanceScale:1.0]]
[2022.01.05-10.24.33:348][  0]LogConfig: Applying CVar settings from Section [AntiAliasingQuality@3] File [C:/Users/admin/Documents/Unreal Projects/Floor1001/Saved/Config/Windows/Scalability.ini]
[2022.01.05-10.24.33:348][  0]LogConfig: Setting CVar [[r.PostProcessAAQuality:4]]
[2022.01.05-10.24.33:348][  0]LogConfig: Applying CVar settings from Section [ShadowQuality@3] File [C:/Users/admin/Documents/Unreal Projects/Floor1001/Saved/Config/Windows/Scalability.ini]
[2022.01.05-10.24.33:348][  0]LogConfig: Setting CVar [[r.LightFunctionQuality:1]]
[2022.01.05-10.24.33:348][  0]LogConfig: Setting CVar [[r.ShadowQuality:5]]
[2022.01.05-10.24.33:348][  0]LogConfig: Setting CVar [[r.Shadow.CSM.MaxCascades:10]]
[2022.01.05-10.24.33:348][  0]LogConfig: Setting CVar [[r.Shadow.MaxResolution:2048]]
[2022.01.05-10.24.33:348][  0]LogConfig: Setting CVar [[r.Shadow.MaxCSMResolution:2048]]
[2022.01.05-10.24.33:348][  0]LogConfig: Setting CVar [[r.Shadow.RadiusThreshold:0.01]]
[2022.01.05-10.24.33:348][  0]LogConfig: Setting CVar [[r.Shadow.DistanceScale:1.0]]
[2022.01.05-10.24.33:348][  0]LogConfig: Setting CVar [[r.Shadow.CSM.TransitionScale:1.0]]
[2022.01.05-10.24.33:348][  0]LogConfig: Setting CVar [[r.Shadow.PreShadowResolutionFactor:1.0]]
[2022.01.05-10.24.33:348][  0]LogConfig: Setting CVar [[r.DistanceFieldShadowing:1]]
[2022.01.05-10.24.33:348][  0]LogConfig: Setting CVar [[r.DistanceFieldAO:1]]
[2022.01.05-10.24.33:348][  0]LogConfig: Setting CVar [[r.AOQuality:2]]
[2022.01.05-10.24.33:348][  0]LogConfig: Setting CVar [[r.VolumetricFog:1]]
[2022.01.05-10.24.33:348][  0]LogConfig: Setting CVar [[r.VolumetricFog.GridPixelSize:8]]
[2022.01.05-10.24.33:348][  0]LogConfig: Setting CVar [[r.VolumetricFog.GridSizeZ:128]]
[2022.01.05-10.24.33:348][  0]LogConfig: Setting CVar [[r.VolumetricFog.HistoryMissSupersampleCount:4]]
[2022.01.05-10.24.33:348][  0]LogConfig: Setting CVar [[r.LightMaxDrawDistanceScale:1]]
[2022.01.05-10.24.33:348][  0]LogConfig: Setting CVar [[r.CapsuleShadows:1]]
[2022.01.05-10.24.33:348][  0]LogConfig: Applying CVar settings from Section [PostProcessQuality@3] File [C:/Users/admin/Documents/Unreal Projects/Floor1001/Saved/Config/Windows/Scalability.ini]
[2022.01.05-10.24.33:348][  0]LogConfig: Setting CVar [[r.MotionBlurQuality:4]]
[2022.01.05-10.24.33:348][  0]LogConfig: Setting CVar [[r.AmbientOcclusionMipLevelFactor:0.4]]
[2022.01.05-10.24.33:349][  0]LogConfig: Setting CVar [[r.AmbientOcclusionMaxQuality:100]]
[2022.01.05-10.24.33:349][  0]LogConfig: Setting CVar [[r.AmbientOcclusionLevels:-1]]
[2022.01.05-10.24.33:349][  0]LogConfig: Setting CVar [[r.AmbientOcclusionRadiusScale:1.0]]
[2022.01.05-10.24.33:349][  0]LogConfig: Setting CVar [[r.DepthOfFieldQuality:2]]
[2022.01.05-10.24.33:349][  0]LogConfig: Setting CVar [[r.RenderTargetPoolMin:400]]
[2022.01.05-10.24.33:349][  0]LogConfig: Setting CVar [[r.LensFlareQuality:2]]
[2022.01.05-10.24.33:349][  0]LogConfig: Setting CVar [[r.SceneColorFringeQuality:1]]
[2022.01.05-10.24.33:349][  0]LogConfig: Setting CVar [[r.EyeAdaptationQuality:2]]
[2022.01.05-10.24.33:349][  0]LogConfig: Setting CVar [[r.BloomQuality:5]]
[2022.01.05-10.24.33:349][  0]LogConfig: Setting CVar [[r.FastBlurThreshold:100]]
[2022.01.05-10.24.33:349][  0]LogConfig: Setting CVar [[r.Upscale.Quality:3]]
[2022.01.05-10.24.33:349][  0]LogConfig: Setting CVar [[r.Tonemapper.GrainQuantization:1]]
[2022.01.05-10.24.33:349][  0]LogConfig: Setting CVar [[r.LightShaftQuality:1]]
[2022.01.05-10.24.33:349][  0]LogConfig: Setting CVar [[r.Filter.SizeScale:1]]
[2022.01.05-10.24.33:349][  0]LogConfig: Setting CVar [[r.Tonemapper.Quality:5]]
[2022.01.05-10.24.33:349][  0]LogConfig: Setting CVar [[r.DOF.Gather.AccumulatorQuality:1        ; higher gathering accumulator quality]]
[2022.01.05-10.24.33:349][  0]LogConfig: Setting CVar [[r.DOF.Gather.PostfilterMethod:1          ; Median3x3 postfilering method]]
[2022.01.05-10.24.33:349][  0]LogConfig: Setting CVar [[r.DOF.Gather.EnableBokehSettings:0       ; no bokeh simulation when gathering]]
[2022.01.05-10.24.33:349][  0]LogConfig: Setting CVar [[r.DOF.Gather.RingCount:4                 ; medium number of samples when gathering]]
[2022.01.05-10.24.33:349][  0]LogConfig: Setting CVar [[r.DOF.Scatter.ForegroundCompositing:1    ; additive foreground scattering]]
[2022.01.05-10.24.33:349][  0]LogConfig: Setting CVar [[r.DOF.Scatter.BackgroundCompositing:2    ; additive background scattering]]
[2022.01.05-10.24.33:349][  0]LogConfig: Setting CVar [[r.DOF.Scatter.EnableBokehSettings:1      ; bokeh simulation when scattering]]
[2022.01.05-10.24.33:349][  0]LogConfig: Setting CVar [[r.DOF.Scatter.MaxSpriteRatio:0.1         ; only a maximum of 10% of scattered bokeh]]
[2022.01.05-10.24.33:349][  0]LogConfig: Setting CVar [[r.DOF.Recombine.Quality:1                ; cheap slight out of focus]]
[2022.01.05-10.24.33:349][  0]LogConfig: Setting CVar [[r.DOF.Recombine.EnableBokehSettings:0    ; no bokeh simulation on slight out of focus]]
[2022.01.05-10.24.33:349][  0]LogConfig: Setting CVar [[r.DOF.TemporalAAQuality:1                ; more stable temporal accumulation]]
[2022.01.05-10.24.33:349][  0]LogConfig: Setting CVar [[r.DOF.Kernel.MaxForegroundRadius:0.025]]
[2022.01.05-10.24.33:349][  0]LogConfig: Setting CVar [[r.DOF.Kernel.MaxBackgroundRadius:0.025]]
[2022.01.05-10.24.33:349][  0]LogConfig: Applying CVar settings from Section [TextureQuality@3] File [C:/Users/admin/Documents/Unreal Projects/Floor1001/Saved/Config/Windows/Scalability.ini]
[2022.01.05-10.24.33:349][  0]LogConfig: Setting CVar [[r.Streaming.MipBias:0]]
[2022.01.05-10.24.33:349][  0]LogConfig: Setting CVar [[r.Streaming.AmortizeCPUToGPUCopy:0]]
[2022.01.05-10.24.33:349][  0]LogConfig: Setting CVar [[r.Streaming.MaxNumTexturesToStreamPerFrame:0]]
[2022.01.05-10.24.33:349][  0]LogConfig: Setting CVar [[r.Streaming.Boost:1]]
[2022.01.05-10.24.33:349][  0]LogConfig: Setting CVar [[r.MaxAnisotropy:8]]
[2022.01.05-10.24.33:349][  0]LogConfig: Setting CVar [[r.VT.MaxAnisotropy:8]]
[2022.01.05-10.24.33:349][  0]LogConfig: Setting CVar [[r.Streaming.LimitPoolSizeToVRAM:0]]
[2022.01.05-10.24.33:349][  0]LogConfig: Setting CVar [[r.Streaming.PoolSize:1000]]
[2022.01.05-10.24.33:349][  0]LogConfig: Setting CVar [[r.Streaming.MaxEffectiveScreenSize:0]]
[2022.01.05-10.24.33:349][  0]LogConfig: Applying CVar settings from Section [EffectsQuality@3] File [C:/Users/admin/Documents/Unreal Projects/Floor1001/Saved/Config/Windows/Scalability.ini]
[2022.01.05-10.24.33:349][  0]LogConfig: Setting CVar [[r.TranslucencyLightingVolumeDim:64]]
[2022.01.05-10.24.33:349][  0]LogConfig: Setting CVar [[r.RefractionQuality:2]]
[2022.01.05-10.24.33:349][  0]LogConfig: Setting CVar [[r.SSR.Quality:3]]
[2022.01.05-10.24.33:349][  0]LogConfig: Setting CVar [[r.SSR.HalfResSceneColor:0]]
[2022.01.05-10.24.33:349][  0]LogConfig: Setting CVar [[r.SceneColorFormat:4]]
[2022.01.05-10.24.33:349][  0]LogConfig: Setting CVar [[r.DetailMode:2]]
[2022.01.05-10.24.33:349][  0]LogConfig: Setting CVar [[r.TranslucencyVolumeBlur:1]]
[2022.01.05-10.24.33:349][  0]LogConfig: Setting CVar [[r.MaterialQualityLevel:1 ; High quality]]
[2022.01.05-10.24.33:349][  0]LogConfig: Setting CVar [[r.AnisotropicMaterials:1]]
[2022.01.05-10.24.33:349][  0]LogConfig: Setting CVar [[r.SSS.Scale:1]]
[2022.01.05-10.24.33:349][  0]LogConfig: Setting CVar [[r.SSS.SampleSet:2]]
[2022.01.05-10.24.33:349][  0]LogConfig: Setting CVar [[r.SSS.Quality:1]]
[2022.01.05-10.24.33:349][  0]LogConfig: Setting CVar [[r.SSS.HalfRes:0]]
[2022.01.05-10.24.33:349][  0]LogConfig: Setting CVar [[r.SSGI.Quality:3]]
[2022.01.05-10.24.33:349][  0]LogConfig: Setting CVar [[r.EmitterSpawnRateScale:1.0]]
[2022.01.05-10.24.33:349][  0]LogConfig: Setting CVar [[r.ParticleLightQuality:2]]
[2022.01.05-10.24.33:349][  0]LogConfig: Setting CVar [[r.SkyAtmosphere.AerialPerspectiveLUT.FastApplyOnOpaque:1 ; Always have FastSkyLUT 1 in this case to avoid wrong sky]]
[2022.01.05-10.24.33:349][  0]LogConfig: Setting CVar [[r.SkyAtmosphere.AerialPerspectiveLUT.SampleCountMaxPerSlice:4]]
[2022.01.05-10.24.33:349][  0]LogConfig: Setting CVar [[r.SkyAtmosphere.AerialPerspectiveLUT.DepthResolution:16.0]]
[2022.01.05-10.24.33:349][  0]LogConfig: Setting CVar [[r.SkyAtmosphere.FastSkyLUT:1]]
[2022.01.05-10.24.33:349][  0]LogConfig: Setting CVar [[r.SkyAtmosphere.FastSkyLUT.SampleCountMin:4.0]]
[2022.01.05-10.24.33:349][  0]LogConfig: Setting CVar [[r.SkyAtmosphere.FastSkyLUT.SampleCountMax:128.0]]
[2022.01.05-10.24.33:349][  0]LogConfig: Setting CVar [[r.SkyAtmosphere.SampleCountMin:4.0]]
[2022.01.05-10.24.33:349][  0]LogConfig: Setting CVar [[r.SkyAtmosphere.SampleCountMax:128.0]]
[2022.01.05-10.24.33:349][  0]LogConfig: Setting CVar [[r.SkyAtmosphere.TransmittanceLUT.UseSmallFormat:0]]
[2022.01.05-10.24.33:349][  0]LogConfig: Setting CVar [[r.SkyAtmosphere.TransmittanceLUT.SampleCount:10.0]]
[2022.01.05-10.24.33:349][  0]LogConfig: Setting CVar [[r.SkyAtmosphere.MultiScatteringLUT.SampleCount:15.0]]
[2022.01.05-10.24.33:349][  0]LogConfig: Setting CVar [[r.SkyLight.RealTimeReflectionCapture:1]]
[2022.01.05-10.24.33:349][  0]LogConfig: Applying CVar settings from Section [FoliageQuality@3] File [C:/Users/admin/Documents/Unreal Projects/Floor1001/Saved/Config/Windows/Scalability.ini]
[2022.01.05-10.24.33:349][  0]LogConfig: Setting CVar [[foliage.DensityScale:1.0]]
[2022.01.05-10.24.33:349][  0]LogConfig: Setting CVar [[grass.DensityScale:1.0]]
[2022.01.05-10.24.33:349][  0]LogConfig: Applying CVar settings from Section [ShadingQuality@3] File [C:/Users/admin/Documents/Unreal Projects/Floor1001/Saved/Config/Windows/Scalability.ini]
[2022.01.05-10.24.33:349][  0]LogConfig: Setting CVar [[r.HairStrands.SkyLighting.IntegrationType:2]]
[2022.01.05-10.24.33:349][  0]LogConfig: Setting CVar [[r.HairStrands.SkyAO.SampleCount:4]]
[2022.01.05-10.24.33:349][  0]LogConfig: Setting CVar [[r.HairStrands.Visibility.MSAA.SamplePerPixel:4]]
[2022.01.05-10.24.33:349][  0]LogInit: Selected Device Profile: [Windows]
[2022.01.05-10.24.33:349][  0]LogInit: Applying CVar settings loaded from the selected device profile: [Windows]
[2022.01.05-10.24.33:349][  0]LogHAL: Display: Platform has ~ 16 GB [16841871360 / 17179869184 / 16], which maps to Larger [LargestMinGB=32, LargerMinGB=12, DefaultMinGB=8, SmallerMinGB=6, SmallestMinGB=0)
[2022.01.05-10.24.33:349][  0]LogInit: Going up to parent DeviceProfile []
[2022.01.05-10.24.33:349][  0]LogConfig: Applying CVar settings from Section [ViewDistanceQuality@Cine] File [C:/Users/admin/Documents/Unreal Projects/Floor1001/Saved/Config/Windows/Scalability.ini]
[2022.01.05-10.24.33:349][  0]LogConfig: Setting CVar [[r.SkeletalMeshLODBias:0]]
[2022.01.05-10.24.33:349][  0]LogConfig: Setting CVar [[r.ViewDistanceScale:10.0]]
[2022.01.05-10.24.33:349][  0]LogConfig: Applying CVar settings from Section [AntiAliasingQuality@Cine] File [C:/Users/admin/Documents/Unreal Projects/Floor1001/Saved/Config/Windows/Scalability.ini]
[2022.01.05-10.24.33:349][  0]LogConfig: Setting CVar [[r.PostProcessAAQuality:6]]
[2022.01.05-10.24.33:349][  0]LogConfig: Applying CVar settings from Section [ShadowQuality@Cine] File [C:/Users/admin/Documents/Unreal Projects/Floor1001/Saved/Config/Windows/Scalability.ini]
[2022.01.05-10.24.33:349][  0]LogConfig: Setting CVar [[r.LightFunctionQuality:1]]
[2022.01.05-10.24.33:349][  0]LogConfig: Setting CVar [[r.ShadowQuality:5]]
[2022.01.05-10.24.33:349][  0]LogConfig: Setting CVar [[r.Shadow.CSM.MaxCascades:10]]
[2022.01.05-10.24.33:349][  0]LogConfig: Setting CVar [[r.Shadow.MaxResolution:4096]]
[2022.01.05-10.24.33:349][  0]LogConfig: Setting CVar [[r.Shadow.MaxCSMResolution:4096]]
[2022.01.05-10.24.33:349][  0]LogConfig: Setting CVar [[r.Shadow.RadiusThreshold:0]]
[2022.01.05-10.24.33:349][  0]LogConfig: Setting CVar [[r.Shadow.DistanceScale:1.0]]
[2022.01.05-10.24.33:349][  0]LogConfig: Setting CVar [[r.Shadow.CSM.TransitionScale:1.0]]
[2022.01.05-10.24.33:349][  0]LogConfig: Setting CVar [[r.Shadow.PreShadowResolutionFactor:1.0]]
[2022.01.05-10.24.33:349][  0]LogConfig: Setting CVar [[r.DistanceFieldShadowing:1]]
[2022.01.05-10.24.33:349][  0]LogConfig: Setting CVar [[r.DistanceFieldAO:1]]
[2022.01.05-10.24.33:349][  0]LogConfig: Setting CVar [[r.AOQuality:2]]
[2022.01.05-10.24.33:349][  0]LogConfig: Setting CVar [[r.VolumetricFog:1]]
[2022.01.05-10.24.33:349][  0]LogConfig: Setting CVar [[r.VolumetricFog.GridPixelSize:4]]
[2022.01.05-10.24.33:349][  0]LogConfig: Setting CVar [[r.VolumetricFog.GridSizeZ:128]]
[2022.01.05-10.24.33:349][  0]LogConfig: Setting CVar [[r.VolumetricFog.HistoryMissSupersampleCount:16]]
[2022.01.05-10.24.33:349][  0]LogConfig: Setting CVar [[r.LightMaxDrawDistanceScale:1]]
[2022.01.05-10.24.33:349][  0]LogConfig: Setting CVar [[r.CapsuleShadows:1]]
[2022.01.05-10.24.33:349][  0]LogConfig: Applying CVar settings from Section [PostProcessQuality@Cine] File [C:/Users/admin/Documents/Unreal Projects/Floor1001/Saved/Config/Windows/Scalability.ini]
[2022.01.05-10.24.33:349][  0]LogConfig: Setting CVar [[r.MotionBlurQuality:4]]
[2022.01.05-10.24.33:349][  0]LogConfig: Setting CVar [[r.AmbientOcclusionMipLevelFactor:0.4]]
[2022.01.05-10.24.33:349][  0]LogConfig: Setting CVar [[r.AmbientOcclusionMaxQuality:100]]
[2022.01.05-10.24.33:349][  0]LogConfig: Setting CVar [[r.AmbientOcclusionLevels:-1]]
[2022.01.05-10.24.33:349][  0]LogConfig: Setting CVar [[r.AmbientOcclusionRadiusScale:1.0]]
[2022.01.05-10.24.33:349][  0]LogConfig: Setting CVar [[r.GTAO.Numangles:4]]
[2022.01.05-10.24.33:349][  0]LogConfig: Setting CVar [[r.DepthOfFieldQuality:4]]
[2022.01.05-10.24.33:349][  0]LogConfig: Setting CVar [[r.RenderTargetPoolMin:1000]]
[2022.01.05-10.24.33:349][  0]LogConfig: Setting CVar [[r.LensFlareQuality:3]]
[2022.01.05-10.24.33:349][  0]LogConfig: Setting CVar [[r.SceneColorFringeQuality:1]]
[2022.01.05-10.24.33:349][  0]LogConfig: Setting CVar [[r.EyeAdaptationQuality:2]]
[2022.01.05-10.24.33:349][  0]LogConfig: Setting CVar [[r.BloomQuality:5]]
[2022.01.05-10.24.33:349][  0]LogConfig: Setting CVar [[r.FastBlurThreshold:100]]
[2022.01.05-10.24.33:349][  0]LogConfig: Setting CVar [[r.Upscale.Quality:3]]
[2022.01.05-10.24.33:349][  0]LogConfig: Setting CVar [[r.Tonemapper.GrainQuantization:1]]
[2022.01.05-10.24.33:349][  0]LogConfig: Setting CVar [[r.LightShaftQuality:1]]
[2022.01.05-10.24.33:349][  0]LogConfig: Setting CVar [[r.Filter.SizeScale:1]]
[2022.01.05-10.24.33:350][  0]LogConfig: Setting CVar [[r.Tonemapper.Quality:5]]
[2022.01.05-10.24.33:350][  0]LogConfig: Setting CVar [[r.DOF.Gather.AccumulatorQuality:1        ; higher gathering accumulator quality]]
[2022.01.05-10.24.33:350][  0]LogConfig: Setting CVar [[r.DOF.Gather.PostfilterMethod:1          ; Median3x3 postfilering method]]
[2022.01.05-10.24.33:350][  0]LogConfig: Setting CVar [[r.DOF.Gather.EnableBokehSettings:1       ; bokeh simulation when gathering]]
[2022.01.05-10.24.33:350][  0]LogConfig: Setting CVar [[r.DOF.Gather.RingCount:5                 ; high number of samples when gathering]]
[2022.01.05-10.24.33:350][  0]LogConfig: Setting CVar [[r.DOF.Scatter.ForegroundCompositing:1    ; additive foreground scattering]]
[2022.01.05-10.24.33:350][  0]LogConfig: Setting CVar [[r.DOF.Scatter.BackgroundCompositing:2    ; background scattering occlusion]]
[2022.01.05-10.24.33:350][  0]LogConfig: Setting CVar [[r.DOF.Scatter.EnableBokehSettings:1      ; no bokeh simulation when scattering]]
[2022.01.05-10.24.33:350][  0]LogConfig: Setting CVar [[r.DOF.Scatter.MaxSpriteRatio:0.25        ; only a maximum of 10% of scattered bokeh]]
[2022.01.05-10.24.33:350][  0]LogConfig: Setting CVar [[r.DOF.Recombine.Quality:2                ; highest slight out of focus]]
[2022.01.05-10.24.33:350][  0]LogConfig: Setting CVar [[r.DOF.Recombine.EnableBokehSettings:1    ; bokeh simulation on slight out of focus]]
[2022.01.05-10.24.33:350][  0]LogConfig: Setting CVar [[r.DOF.TemporalAAQuality:1                ; more stable temporal accumulation]]
[2022.01.05-10.24.33:350][  0]LogConfig: Setting CVar [[r.DOF.Kernel.MaxForegroundRadius:0.025]]
[2022.01.05-10.24.33:350][  0]LogConfig: Setting CVar [[r.DOF.Kernel.MaxBackgroundRadius:0.025]]
[2022.01.05-10.24.33:350][  0]LogConfig: Applying CVar settings from Section [TextureQuality@Cine] File [C:/Users/admin/Documents/Unreal Projects/Floor1001/Saved/Config/Windows/Scalability.ini]
[2022.01.05-10.24.33:350][  0]LogConfig: Setting CVar [[r.Streaming.MipBias:0]]
[2022.01.05-10.24.33:350][  0]LogConfig: Setting CVar [[r.Streaming.AmortizeCPUToGPUCopy:0]]
[2022.01.05-10.24.33:350][  0]LogConfig: Setting CVar [[r.Streaming.MaxNumTexturesToStreamPerFrame:0]]
[2022.01.05-10.24.33:350][  0]LogConfig: Setting CVar [[r.Streaming.Boost:1]]
[2022.01.05-10.24.33:350][  0]LogConfig: Setting CVar [[r.MaxAnisotropy:8]]
[2022.01.05-10.24.33:350][  0]LogConfig: Setting CVar [[r.VT.MaxAnisotropy:8]]
[2022.01.05-10.24.33:350][  0]LogConfig: Setting CVar [[r.Streaming.LimitPoolSizeToVRAM:0]]
[2022.01.05-10.24.33:350][  0]LogConfig: Setting CVar [[r.Streaming.PoolSize:3000]]
[2022.01.05-10.24.33:350][  0]LogConfig: Setting CVar [[r.Streaming.MaxEffectiveScreenSize:0]]
[2022.01.05-10.24.33:350][  0]LogConfig: Applying CVar settings from Section [EffectsQuality@Cine] File [C:/Users/admin/Documents/Unreal Projects/Floor1001/Saved/Config/Windows/Scalability.ini]
[2022.01.05-10.24.33:350][  0]LogConfig: Setting CVar [[r.TranslucencyLightingVolumeDim:64]]
[2022.01.05-10.24.33:350][  0]LogConfig: Setting CVar [[r.RefractionQuality:2]]
[2022.01.05-10.24.33:350][  0]LogConfig: Setting CVar [[r.SSR.Quality:4]]
[2022.01.05-10.24.33:350][  0]LogConfig: Setting CVar [[r.SSR.HalfResSceneColor:0]]
[2022.01.05-10.24.33:350][  0]LogConfig: Setting CVar [[r.SceneColorFormat:4]]
[2022.01.05-10.24.33:350][  0]LogConfig: Setting CVar [[r.DetailMode:2]]
[2022.01.05-10.24.33:350][  0]LogConfig: Setting CVar [[r.TranslucencyVolumeBlur:1]]
[2022.01.05-10.24.33:350][  0]LogConfig: Setting CVar [[r.MaterialQualityLevel:1 ; High quality]]
[2022.01.05-10.24.33:350][  0]LogConfig: Setting CVar [[r.AnisotropicMaterials:1]]
[2022.01.05-10.24.33:350][  0]LogConfig: Setting CVar [[r.SSS.Scale:1]]
[2022.01.05-10.24.33:350][  0]LogConfig: Setting CVar [[r.SSS.SampleSet:2]]
[2022.01.05-10.24.33:350][  0]LogConfig: Setting CVar [[r.SSS.Quality:1]]
[2022.01.05-10.24.33:350][  0]LogConfig: Setting CVar [[r.SSS.HalfRes:0]]
[2022.01.05-10.24.33:350][  0]LogConfig: Setting CVar [[r.SSGI.Quality:4]]
[2022.01.05-10.24.33:350][  0]LogConfig: Setting CVar [[r.EmitterSpawnRateScale:1.0]]
[2022.01.05-10.24.33:350][  0]LogConfig: Setting CVar [[r.ParticleLightQuality:2]]
[2022.01.05-10.24.33:350][  0]LogConfig: Setting CVar [[r.SkyAtmosphere.AerialPerspectiveLUT.FastApplyOnOpaque:0]]
[2022.01.05-10.24.33:350][  0]LogConfig: Setting CVar [[r.SkyAtmosphere.AerialPerspectiveLUT.SampleCountMaxPerSlice:8]]
[2022.01.05-10.24.33:350][  0]LogConfig: Setting CVar [[r.SkyAtmosphere.AerialPerspectiveLUT.DepthResolution:32.0]]
[2022.01.05-10.24.33:350][  0]LogConfig: Setting CVar [[r.SkyAtmosphere.FastSkyLUT:0]]
[2022.01.05-10.24.33:350][  0]LogConfig: Setting CVar [[r.SkyAtmosphere.FastSkyLUT.SampleCountMin:4.0]]
[2022.01.05-10.24.33:350][  0]LogConfig: Setting CVar [[r.SkyAtmosphere.FastSkyLUT.SampleCountMax:256.0]]
[2022.01.05-10.24.33:350][  0]LogConfig: Setting CVar [[r.SkyAtmosphere.SampleCountMin:8.0]]
[2022.01.05-10.24.33:350][  0]LogConfig: Setting CVar [[r.SkyAtmosphere.SampleCountMax:256.0]]
[2022.01.05-10.24.33:350][  0]LogConfig: Setting CVar [[r.SkyAtmosphere.TransmittanceLUT.UseSmallFormat:0]]
[2022.01.05-10.24.33:350][  0]LogConfig: Setting CVar [[r.SkyAtmosphere.TransmittanceLUT.SampleCount:30.0]]
[2022.01.05-10.24.33:350][  0]LogConfig: Setting CVar [[r.SkyAtmosphere.MultiScatteringLUT.SampleCount:20.0]]
[2022.01.05-10.24.33:350][  0]LogConfig: Setting CVar [[r.SkyLight.RealTimeReflectionCapture:1]]
[2022.01.05-10.24.33:350][  0]LogConfig: Applying CVar settings from Section [FoliageQuality@Cine] File [C:/Users/admin/Documents/Unreal Projects/Floor1001/Saved/Config/Windows/Scalability.ini]
[2022.01.05-10.24.33:350][  0]LogConfig: Setting CVar [[foliage.DensityScale:1.0]]
[2022.01.05-10.24.33:350][  0]LogConfig: Setting CVar [[grass.DensityScale:1.0]]
[2022.01.05-10.24.33:350][  0]LogConfig: Applying CVar settings from Section [ShadingQuality@Cine] File [C:/Users/admin/Documents/Unreal Projects/Floor1001/Saved/Config/Windows/Scalability.ini]
[2022.01.05-10.24.33:350][  0]LogConfig: Setting CVar [[r.HairStrands.SkyLighting.IntegrationType:0]]
[2022.01.05-10.24.33:350][  0]LogConfig: Setting CVar [[r.HairStrands.SkyAO.SampleCount:8]]
[2022.01.05-10.24.33:350][  0]LogConfig: Setting CVar [[r.HairStrands.Visibility.MSAA.SamplePerPixel:8]]
[2022.01.05-10.24.33:350][  0]LogConfig: Applying CVar settings from Section [Startup] File [../../../Engine/Config/ConsoleVariables.ini]
[2022.01.05-10.24.33:351][  0]LogConfig: Setting CVar [[net.UseAdaptiveNetUpdateFrequency:0]]
[2022.01.05-10.24.33:351][  0]LogConfig: Setting CVar [[p.chaos.AllowCreatePhysxBodies:1]]
[2022.01.05-10.24.33:351][  0]LogConfig: Setting CVar [[fx.SkipVectorVMBackendOptimizations:1]]
[2022.01.05-10.24.33:351][  0]LogConfig: Applying CVar settings from Section [ConsoleVariables] File [C:/Users/admin/Documents/Unreal Projects/Floor1001/Saved/Config/Windows/Engine.ini]
[2022.01.05-10.24.33:351][  0]LogConfig: Applying CVar settings from Section [ConsoleVariables] File [C:/Users/admin/Documents/Unreal Projects/Floor1001/Saved/Config/Windows/Editor.ini]
[2022.01.05-10.24.33:351][  0]LogInit: Computer: DESKTOP-89ICMKT
[2022.01.05-10.24.33:351][  0]LogInit: User: admin
[2022.01.05-10.24.33:351][  0]LogInit: CPU Page size=4096, Cores=4
[2022.01.05-10.24.33:351][  0]LogInit: High frequency timer resolution =10.000000 MHz
[2022.01.05-10.24.33:351][  0]LogMemory: Memory total: Physical=15.7GB (16GB approx)
[2022.01.05-10.24.33:351][  0]LogMemory: Platform Memory Stats for Windows
[2022.01.05-10.24.33:351][  0]LogMemory: Process Physical Memory: 144.51 MB used, 144.51 MB peak
[2022.01.05-10.24.33:351][  0]LogMemory: Process Virtual Memory: 120.54 MB used, 120.54 MB peak
[2022.01.05-10.24.33:351][  0]LogMemory: Physical Memory: 8898.99 MB used,  7162.67 MB free, 16061.66 MB total
[2022.01.05-10.24.33:351][  0]LogMemory: Virtual Memory: 134208944.00 MB used,  8780.67 MB free, 134217728.00 MB total
[2022.01.05-10.24.33:357][  0]LogWindows: WindowsPlatformFeatures enabled
[2022.01.05-10.24.33:383][  0]LogInit: Physics initialised using underlying interface: PhysX
[2022.01.05-10.24.33:384][  0]LogInit: Using OS detected language (ar-SA).
[2022.01.05-10.24.33:384][  0]LogInit: Using OS detected locale (ar-SA).
[2022.01.05-10.24.33:386][  0]LogTextLocalizationManager: No specific localization for 'ar-SA' exists, so the 'ar' localization will be used.
[2022.01.05-10.24.33:386][  0]LogTextLocalizationResource: LocRes '../../../Engine/Content/Localization/Editor/ar/Editor.locres' could not be opened for reading!
[2022.01.05-10.24.33:386][  0]LogTextLocalizationResource: LocRes '../../../Engine/Content/Localization/EditorTutorials/ar/EditorTutorials.locres' could not be opened for reading!
[2022.01.05-10.24.33:386][  0]LogTextLocalizationResource: LocRes '../../../Engine/Content/Localization/Keywords/ar/Keywords.locres' could not be opened for reading!
[2022.01.05-10.24.33:386][  0]LogTextLocalizationResource: LocRes '../../../Engine/Content/Localization/Category/ar/Category.locres' could not be opened for reading!
[2022.01.05-10.24.33:386][  0]LogTextLocalizationResource: LocRes '../../../Engine/Content/Localization/ToolTips/ar/ToolTips.locres' could not be opened for reading!
[2022.01.05-10.24.33:386][  0]LogTextLocalizationResource: LocRes '../../../Engine/Content/Localization/PropertyNames/ar/PropertyNames.locres' could not be opened for reading!
[2022.01.05-10.24.33:386][  0]LogTextLocalizationResource: LocRes '../../../Engine/Content/Localization/Engine/ar/Engine.locres' could not be opened for reading!
[2022.01.05-10.24.33:387][  0]LogInit: Setting process to per monitor DPI aware
[2022.01.05-10.24.33:395][  0]LogWindowsTextInputMethodSystem: Display: IME system deactivated.
[2022.01.05-10.24.33:407][  0]LogSlate: New Slate User Created.  User Index 0, Is Virtual User: 0
[2022.01.05-10.24.33:407][  0]LogSlate: Slate User Registered.  User Index 0, Is Virtual User: 0
[2022.01.05-10.24.33:514][  0]LogD3D11RHI: Loaded GFSDK_Aftermath_Lib.x64.dll
[2022.01.05-10.24.33:559][  0]LogHMD: Failed to initialize OpenVR with code 110
[2022.01.05-10.24.33:559][  0]LogD3D11RHI: D3D11 min allowed feature level: 11_0
[2022.01.05-10.24.33:559][  0]LogD3D11RHI: D3D11 max allowed feature level: 11_0
[2022.01.05-10.24.33:559][  0]LogD3D11RHI: D3D11 adapters:
[2022.01.05-10.24.33:670][  0]LogD3D11RHI:    0. 'NVIDIA GeForce RTX 3050 Ti Laptop GPU' (Feature Level 11_0)
[2022.01.05-10.24.33:670][  0]LogD3D11RHI:       3990/0/8030 MB DedicatedVideo/DedicatedSystem/SharedSystem, Outputs:1, VendorId:0x10de
[2022.01.05-10.24.33:732][  0]LogD3D11RHI:    1. 'Intel(R) Iris(R) Xe Graphics' (Feature Level 11_0)
[2022.01.05-10.24.33:732][  0]LogD3D11RHI:       128/0/8030 MB DedicatedVideo/DedicatedSystem/SharedSystem, Outputs:0, VendorId:0x8086
[2022.01.05-10.24.33:733][  0]LogD3D11RHI:    2. 'Microsoft Basic Render Driver' (Feature Level 11_0)
[2022.01.05-10.24.33:733][  0]LogD3D11RHI:       0/0/8030 MB DedicatedVideo/DedicatedSystem/SharedSystem, Outputs:0, VendorId:0x1414
[2022.01.05-10.24.33:733][  0]LogD3D11RHI: Chosen D3D11 Adapter:
[2022.01.05-10.24.33:733][  0]LogD3D11RHI:     Description : NVIDIA GeForce RTX 3050 Ti Laptop GPU
[2022.01.05-10.24.33:733][  0]LogD3D11RHI:     VendorId    : 10de
[2022.01.05-10.24.33:733][  0]LogD3D11RHI:     DeviceId    : 25a0
[2022.01.05-10.24.33:733][  0]LogD3D11RHI:     SubSysId    : 13dc1043
[2022.01.05-10.24.33:733][  0]LogD3D11RHI:     Revision    : 00a1
[2022.01.05-10.24.33:733][  0]LogD3D11RHI:     DedicatedVideoMemory : 4183818240 bytes
[2022.01.05-10.24.33:733][  0]LogD3D11RHI:     DedicatedSystemMemory : 0 bytes
[2022.01.05-10.24.33:733][  0]LogD3D11RHI:     SharedSystemMemory : 8420935680 bytes
[2022.01.05-10.24.33:733][  0]LogD3D11RHI:     AdapterLuid : 0 55463
[2022.01.05-10.24.33:739][  0]LogD3D11RHI: Creating new Direct3DDevice
[2022.01.05-10.24.33:739][  0]LogD3D11RHI:     GPU DeviceId: 0x25a0 (for the marketing name, search the web for "GPU Device Id")
[2022.01.05-10.24.33:739][  0]LogWindows: EnumDisplayDevices:
[2022.01.05-10.24.33:739][  0]LogWindows:    0. 'Intel(R) Iris(R) Xe Graphics' (P:1 D:1)
[2022.01.05-10.24.33:740][  0]LogWindows:    1. 'Intel(R) Iris(R) Xe Graphics' (P:0 D:0)
[2022.01.05-10.24.33:740][  0]LogWindows:    2. 'Intel(R) Iris(R) Xe Graphics' (P:0 D:0)
[2022.01.05-10.24.33:740][  0]LogWindows:    3. 'Intel(R) Iris(R) Xe Graphics' (P:0 D:0)
[2022.01.05-10.24.33:740][  0]LogWindows:    4. 'NVIDIA GeForce RTX 3050 Ti Laptop GPU' (P:0 D:0)
[2022.01.05-10.24.33:740][  0]LogWindows: DebugString: PrimaryIsNotTheChoosenAdapter PrimaryIsNotTheChoosenAdapter PrimaryIsNotTheChoosenAdapter PrimaryIsNotTheChoosenAdapter 
[2022.01.05-10.24.33:740][  0]LogD3D11RHI:     Adapter Name: NVIDIA GeForce RTX 3050 Ti Laptop GPU
[2022.01.05-10.24.33:740][  0]LogD3D11RHI:   Driver Version: 462.35 (internal:27.21.14.6235, unified:462.35)
[2022.01.05-10.24.33:740][  0]LogD3D11RHI:      Driver Date: 4-14-2021
[2022.01.05-10.24.33:740][  0]LogRHI: Texture pool is 2793 MB (70% of 3990 MB)
[2022.01.05-10.24.33:740][  0]LogD3D11RHI: Creating D3DDevice using adapter:
[2022.01.05-10.24.33:740][  0]LogD3D11RHI:     Description : NVIDIA GeForce RTX 3050 Ti Laptop GPU
[2022.01.05-10.24.33:740][  0]LogD3D11RHI:     VendorId    : 10de
[2022.01.05-10.24.33:740][  0]LogD3D11RHI:     DeviceId    : 25a0
[2022.01.05-10.24.33:740][  0]LogD3D11RHI:     SubSysId    : 13dc1043
[2022.01.05-10.24.33:740][  0]LogD3D11RHI:     Revision    : 00a1
[2022.01.05-10.24.33:740][  0]LogD3D11RHI:     DedicatedVideoMemory : 4183818240 bytes
[2022.01.05-10.24.33:740][  0]LogD3D11RHI:     DedicatedSystemMemory : 0 bytes
[2022.01.05-10.24.33:740][  0]LogD3D11RHI:     SharedSystemMemory : 8420935680 bytes
[2022.01.05-10.24.33:740][  0]LogD3D11RHI:     AdapterLuid : 0 55463
[2022.01.05-10.24.33:801][  0]LogD3D11RHI: RHI has support for 64 bit atomics
[2022.01.05-10.24.33:801][  0]LogD3D11RHI: Async texture creation enabled
[2022.01.05-10.24.33:801][  0]LogD3D11RHI: Array index from any shader is supported
[2022.01.05-10.24.33:816][  0]LogD3D11RHI: GPU Timing Frequency: 1000.000000 (Debug: 2 1)
[2022.01.05-10.24.33:835][  0]LogRHI: GeForceNow SDK initialized: 1
[2022.01.05-10.24.34:087][  0]LogTargetPlatformManager: Display: Loaded TargetPlatform 'AllDesktop'
[2022.01.05-10.24.34:114][  0]LogTargetPlatformManager: Display: Loaded TargetPlatform 'Android'
[2022.01.05-10.24.34:114][  0]LogTargetPlatformManager: Display: Loaded TargetPlatform 'Android_ASTC'
[2022.01.05-10.24.34:114][  0]LogTargetPlatformManager: Display: Loaded TargetPlatform 'Android_DXT'
[2022.01.05-10.24.34:114][  0]LogTargetPlatformManager: Display: Loaded TargetPlatform 'Android_ETC2'
[2022.01.05-10.24.34:114][  0]LogTargetPlatformManager: Display: Loaded TargetPlatform 'AndroidClient'
[2022.01.05-10.24.34:114][  0]LogTargetPlatformManager: Display: Loaded TargetPlatform 'Android_ASTCClient'
[2022.01.05-10.24.34:114][  0]LogTargetPlatformManager: Display: Loaded TargetPlatform 'Android_DXTClient'
[2022.01.05-10.24.34:114][  0]LogTargetPlatformManager: Display: Loaded TargetPlatform 'Android_ETC2Client'
[2022.01.05-10.24.34:114][  0]LogTargetPlatformManager: Display: Loaded TargetPlatform 'Android_Multi'
[2022.01.05-10.24.34:114][  0]LogTargetPlatformManager: Display: Loaded TargetPlatform 'Android_MultiClient'
[2022.01.05-10.24.34:133][  0]LogTargetPlatformManager: Display: Loaded TargetPlatform 'IOSClient'
[2022.01.05-10.24.34:133][  0]LogTargetPlatformManager: Display: Loaded TargetPlatform 'IOS'
[2022.01.05-10.24.34:143][  0]LogTargetPlatformManager: Display: Loaded TargetPlatform 'Linux'
[2022.01.05-10.24.34:148][  0]LogTargetPlatformManager: Display: Loaded TargetPlatform 'LinuxNoEditor'
[2022.01.05-10.24.34:154][  0]LogTargetPlatformManager: Display: Loaded TargetPlatform 'LinuxClient'
[2022.01.05-10.24.34:158][  0]LogTargetPlatformManager: Display: Loaded TargetPlatform 'LinuxServer'
[2022.01.05-10.24.34:170][  0]LogTargetPlatformManager: Display: Loaded TargetPlatform 'LinuxAArch64NoEditor'
[2022.01.05-10.24.34:176][  0]LogTargetPlatformManager: Display: Loaded TargetPlatform 'LinuxAArch64Client'
[2022.01.05-10.24.34:181][  0]LogTargetPlatformManager: Display: Loaded TargetPlatform 'LinuxAArch64Server'
[2022.01.05-10.24.34:211][  0]LogTargetPlatformManager: Display: Loaded TargetPlatform 'Lumin'
[2022.01.05-10.24.34:212][  0]LogTargetPlatformManager: Display: Loaded TargetPlatform 'LuminClient'
[2022.01.05-10.24.34:222][  0]LogTargetPlatformManager: Display: Loaded TargetPlatform 'MacNoEditor'
[2022.01.05-10.24.34:227][  0]LogTargetPlatformManager: Display: Loaded TargetPlatform 'Mac'
[2022.01.05-10.24.34:231][  0]LogTargetPlatformManager: Display: Loaded TargetPlatform 'MacClient'
[2022.01.05-10.24.34:236][  0]LogTargetPlatformManager: Display: Loaded TargetPlatform 'MacServer'
[2022.01.05-10.24.34:246][  0]LogTargetPlatformManager: Display: Loaded TargetPlatform 'TVOSClient'
[2022.01.05-10.24.34:246][  0]LogTargetPlatformManager: Display: Loaded TargetPlatform 'TVOS'
[2022.01.05-10.24.34:256][  0]LogTargetPlatformManager: Display: Loaded TargetPlatform 'WindowsNoEditor'
[2022.01.05-10.24.34:262][  0]LogTargetPlatformManager: Display: Loaded TargetPlatform 'Windows'
[2022.01.05-10.24.34:267][  0]LogTargetPlatformManager: Display: Loaded TargetPlatform 'WindowsClient'
[2022.01.05-10.24.34:272][  0]LogTargetPlatformManager: Display: Loaded TargetPlatform 'WindowsServer'
[2022.01.05-10.24.34:272][  0]LogTargetPlatformManager: Display: Building Assets For Windows
[2022.01.05-10.24.34:278][  0]LogAudioDebug: Display: Lib vorbis DLL was dynamically loaded.
[2022.01.05-10.24.34:305][  0]LogTextureFormatOodle: Display: Oodle Texture 2.9.0 init RDO Off
[2022.01.05-10.24.34:337][  0]LogRendererCore: Ray tracing is disabled. Reason: r.RayTracing=0.
[2022.01.05-10.24.34:337][  0]LogShaderCompilers: Guid format shader working directory is -19 characters bigger than the processId version (../../../../../../Users/admin/Documents/Unreal Projects/Floor1001/Intermediate/Shaders/WorkingDirectory/8352/).
[2022.01.05-10.24.34:337][  0]LogShaderCompilers: Cleaned the shader compiler working directory 'C:/Users/admin/AppData/Local/Temp/UnrealShaderWorkingDir/67D220F441750C9FC2E88F8ECFC8D6DB/'.
[2022.01.05-10.24.34:337][  0]LogXGEController: Cannot use XGE Controller as Incredibuild is not installed on this machine.
[2022.01.05-10.24.34:337][  0]LogShaderCompilers: Cannot use XGE Shader Compiler as Incredibuild is not installed on this machine.
[2022.01.05-10.24.34:337][  0]LogShaderCompilers: Display: Using Local Shader Compiler.
[2022.01.05-10.24.35:124][  0]LogDerivedDataCache: Display: Max Cache Size: 512 MB
[2022.01.05-10.24.35:190][  0]LogDerivedDataCache: Loaded boot cache 0.07s 94MB C:/Users/admin/AppData/Local/UnrealEngine/4.27/DerivedDataCache/Boot.ddc.
[2022.01.05-10.24.35:191][  0]LogDerivedDataCache: Display: Loaded Boot cache: C:/Users/admin/AppData/Local/UnrealEngine/4.27/DerivedDataCache/Boot.ddc
[2022.01.05-10.24.35:191][  0]LogDerivedDataCache: FDerivedDataBackendGraph:  Pak pak cache file ../../../../../../Users/admin/Documents/Unreal Projects/Floor1001/DerivedDataCache/DDC.ddp not found, will not use a pak cache.
[2022.01.05-10.24.35:191][  0]LogDerivedDataCache: Unable to find inner node Pak for hierarchical cache Hierarchy.
[2022.01.05-10.24.35:191][  0]LogDerivedDataCache: FDerivedDataBackendGraph:  CompressedPak pak cache file ../../../../../../Users/admin/Documents/Unreal Projects/Floor1001/DerivedDataCache/Compressed.ddp not found, will not use a pak cache.
[2022.01.05-10.24.35:191][  0]LogDerivedDataCache: Unable to find inner node CompressedPak for hierarchical cache Hierarchy.
[2022.01.05-10.24.35:209][  0]LogDerivedDataCache: Display: Pak cache opened for reading ../../../Engine/DerivedDataCache/Compressed.ddp.
[2022.01.05-10.24.35:209][  0]LogDerivedDataCache: FDerivedDataBackendGraph:  EnterprisePak pak cache file ../../../Enterprise/DerivedDataCache/Compressed.ddp not found, will not use a pak cache.
[2022.01.05-10.24.35:209][  0]LogDerivedDataCache: Unable to find inner node EnterprisePak for hierarchical cache Hierarchy.
[2022.01.05-10.24.35:218][  0]LogDerivedDataCache: Speed tests for C:/Users/admin/AppData/Local/UnrealEngine/Common/DerivedDataCache took 0.01 seconds
[2022.01.05-10.24.35:218][  0]LogDerivedDataCache: Display: Performance to C:/Users/admin/AppData/Local/UnrealEngine/Common/DerivedDataCache: Latency=0.01ms. RandomReadSpeed=205.68MBs, RandomWriteSpeed=217.79MBs. Assigned SpeedClass 'Local'
[2022.01.05-10.24.35:219][  0]LogDerivedDataCache: Using Local data cache path C:/Users/admin/AppData/Local/UnrealEngine/Common/DerivedDataCache: Writable
[2022.01.05-10.24.35:219][  0]LogDerivedDataCache: Shared data cache path not found in *engine.ini, will not use an Shared cache.
[2022.01.05-10.24.35:219][  0]LogDerivedDataCache: Unable to find inner node Shared for hierarchical cache Hierarchy.
[2022.01.05-10.24.35:269][  0]LogSlate: Using FreeType 2.10.0
[2022.01.05-10.24.35:269][  0]LogSlate: SlateFontServices - WITH_FREETYPE: 1, WITH_HARFBUZZ: 1
[2022.01.05-10.24.35:290][  0]LogAssetRegistry: FAssetRegistry took 0.0032 seconds to start up
[2022.01.05-10.24.35:513][  0]LogInit: Selected Device Profile: [Windows]
[2022.01.05-10.24.35:513][  0]LogInit: Active device profile: [0000029B35281E00][0000029B317EA880 49] Windows
[2022.01.05-10.24.35:513][  0]LogInit: Profiles: [0000029B35281E00][0000029B317EA880 49] Windows, [0000029B3523B800][0000029B34DC29C0 49] WindowsNoEditor, [0000029B35281B00][0000029B34DC6B00 49] WindowsServer, [0000029B35238100][0000029B31752C40 49] WindowsClient, [0000029B35280200][0000029B31756D80 49] IOS, [0000029B3523BE00][0000029B3175EF00 49] iPadAir, [0000029B35281300][0000029B31763080 49] iPadAir2, [0000029B36B65300][0000029B35F75340 49] IPadPro, [0000029B36B65400][0000029B35F71380 49] iPadAir3, [0000029B35283800][0000029B35F79500 49] iPadAir4, [0000029B36B66F00][0000029B35F7D680 49] iPadMini2, [0000029B35280B00][0000029B36551800 49] iPadMini3, [0000029B36B65E00][0000029B36555980 49] iPadMini4, [0000029B35282B00][0000029B36599B00 49] iPadMini5, [0000029B351FCC00][0000029B3372E240 49] iPhone6, [0000029B351FCD00][0000029B33726280 49] iPodTouch6, [0000029B3523B100][0000029B33736540 49] iPhone7, [0000029B3523B200][0000029B33732580 49] iPodTouch7, [0000029B351FC300][0000029B3373A700 49] iPhone5S, [0000029B36B65A00][0000029B3373E880 49] iPhone6Plus, [0000029B3523B500][0000029B3372AA00 49] iPhone6S, [0000029B36B67A00][0000029B3175AB40 49] iPhone6SPlus, [0000029B3523A900][0000029B36558C80 49] iPhone7Plus, [0000029B36B65100][0000029B33742DC0 49] iPhoneSE, [0000029B35238500][0000029B34CE4F00 49] iPhone8, [0000029B36B66300][0000029B34CED080 49] iPhone8Plus, [0000029B3523BB00][0000029B34CF1200 49] iPhoneX, [0000029B36B67700][0000029B317DB380 49] iPhoneXS, [0000029B35239C00][0000029B317D7500 49] iPhoneXSMax, [0000029B36B66A00][0000029B2FD69680 49] iPhoneXR, [0000029B35239B00][0000029B2FD65800 49] iPhone11, [0000029B36B67400][0000029B34DD7980 49] iPhone11Pro, [0000029B3523AF00][0000029B34DDBB00 49] iPhone11ProMax, [0000029B36B64300][0000029B34CF4100 49] iPhoneSE2, [0000029B3523A200][0000029B34CF8280 49] iPhone12Mini, [0000029B36B66900][0000029B34CFC400 49] iPhone12, [0000029B35239900][0000029B34D00580 49] iPhone12Pro, [0000029B36B66200][0000029B34D04700 49] iPhone12ProMax, [0000029B3523BA00][0000029B365D6880 49] iPadPro105, [0000029B36B65900][0000029B365DAA00 49] iPadPro129, [0000029B3523A600][0000029B365DEB80 49] iPadPro97, [0000029B36B65800][0000029B365E2D00 49] iPadPro2_129, [0000029B35239600][0000029B34CE8E40 49] iPad5, [0000029B36B67800][0000029B365E6F80 49] iPad6, [0000029B3523B300][0000029B365EB0C0 49] iPad7, [0000029B36B67F00][0000029B365F3240 49] iPad8, [0000029B35239300][0000029B365F73C0 49] iPadPro11, [0000029B36B64E00][0000029B365FB540 49] iPadPro2_11, [0000029B3523AC00][0000029B3655D6C0 49] iPadPro3_129, [0000029B36B66C00][0000029B36561840 49] iPadPro4_129, [0000029B35239000][0000029B365659C0 49] AppleTV, [0000029B36B64B00][0000029B36569B40 49] AppleTV4K, [0000029B35239F00][0000029B3656C140 49] TVOS, [0000029B36B66600][0000029B365702C0 49] Mac, [0000029B35238E00][0000029B36574440 49] MacClient, [0000029B36B64900][0000029B365785C0 49] MacNoEditor, [0000029B35238400][0000029B3657C740 49] MacServer, [0000029B36B64A00][0000029B365808C0 49] Linux, [0000029B35238800][0000029B36584A40 49] LinuxAArch64, [0000029B36B65600][0000029B36588BC0 49] LinuxNoEditor, [0000029B3523A800][0000029B3658CD40 49] LinuxAArch64NoEditor, [0000029B36B64600][0000029B36590EC0 49] LinuxClient, [0000029B3523BF00][0000029B365EF000 49] LinuxAArch64Client, [0000029B36B64800][0000029B36595140 49] LinuxServer, [0000029B35239A00][0000029B2FCE1280 49] LinuxAArch64Server, [0000029B36B65200][0000029B2FCE53C0 49] Android, [0000029B35238300][0000029B2FCED540 49] Android_Low, [0000029B35282900][0000029B2FCF16C0 49] Android_Mid, [0000029B351FF100][0000029B2FCF5840 49] Android_High, [0000029B35280C00][0000029B2FCF99C0 49] Android_Default, [0000029B351FE500][0000029B2FCFDB40 49] Android_Adreno4xx, [0000029B35282A00][0000029B2FD00140 49] Android_Adreno5xx_Low, [0000029B351FEC00][0000029B2F7E42C0 49] Android_Adreno5xx, [0000029B35283600][0000029B2F7E8440 49] Android_Adreno6xx, [0000029B351FDC00][0000029B2F7EC5C0 49] Android_Adreno6xx_Vulkan, [0000029B35283200][0000029B2F7F0740 49] Android_Mali_T6xx, [0000029B351FF200][0000029B2F7F48C0 49] Android_Mali_T7xx, [0000029B35283700][0000029B2F7F8A40 49] Android_Mali_T8xx, [0000029B351FE400][0000029B2F7FCBC0 49] Android_Mali_G71, [0000029B35283A00][0000029B336BCD40 49] Android_Mali_G72, [0000029B351FE600][0000029B336C0EC0 49] Android_Mali_G72_Vulkan, [0000029B35283F00][0000029B336C5040 49] Android_Mali_G76, [0000029B351FE100][0000029B2FCE9180 49] Android_Mali_G76_Vulkan, [0000029B35282400][0000029B336C92C0 49] Android_Mali_G77, [0000029B351FF500][0000029B336CD400 49] Android_Mali_G77_Vulkan, [0000029B35280500][0000029B336D1540 49] Android_Mali_G78, [0000029B351FD200][0000029B336D96C0 49] Android_Mali_G78_Vulkan, [0000029B35283900][0000029B36515840 49] Android_Mali_G710, [0000029B351FFA00][0000029B365199C0 49] Android_Mali_G710_Vulkan, [0000029B35282300][0000029B3651DB40 49] Android_Vulkan_SM5, [0000029B3523B600][0000029B36520140 49] Android_PowerVR_G6xxx, [0000029B35280D00][0000029B365242C0 49] Android_PowerVR_GT7xxx, [0000029B3523AD00][0000029B36528440 49] Android_PowerVR_GE8xxx, [0000029B35281700][0000029B3652C5C0 49] Android_PowerVR_GM9xxx, [0000029B3523B400][0000029B36530740 49] Android_PowerVR_GM9xxx_Vulkan, [0000029B35281A00][0000029B365348C0 49] Android_TegraK1, [0000029B35239E00][0000029B36538A40 49] Android_Unknown_Vulkan, [0000029B35281000][0000029B3653CBC0 49] Lumin, [0000029B3523BD00][0000029B36540D40 49] Lumin_Desktop, [0000029B35283100][0000029B36544EC0 49] HoloLens, 
[2022.01.05-10.24.35:655][  0]LogMeshReduction: Using QuadricMeshReduction for automatic static mesh reduction
[2022.01.05-10.24.35:655][  0]LogMeshReduction: Using SimplygonMeshReduction for automatic skeletal mesh reduction
[2022.01.05-10.24.35:655][  0]LogMeshReduction: Using ProxyLODMeshReduction for automatic mesh merging
[2022.01.05-10.24.35:655][  0]LogMeshReduction: No distributed automatic mesh merging module available
[2022.01.05-10.24.35:655][  0]LogMeshMerging: No distributed automatic mesh merging module available
[2022.01.05-10.24.35:670][  0]LogNetVersion: Floor1001 1.0.0, NetCL: 17155196, EngineNetVer: 17, GameNetVer: 0 (Checksum: 1266692999)
[2022.01.05-10.24.36:024][  0]LogTexture: Default maximum texture size for cubemaps generated from long-lat sources has been changed from 512 to unlimited. In order to preserve old behaiour for '/Engine/MapTemplates/Sky/DaylightAmbientCubemap.DaylightAmbientCubemap', its maximum texture size has been explicitly set to 512.
[2022.01.05-10.24.36:091][  0]LogHMD: PokeAHoleMaterial loaded successfully
[2022.01.05-10.24.36:097][  0]LogUObjectArray: 17178 objects as part of root set at end of initial load.
[2022.01.05-10.24.36:097][  0]LogUObjectAllocator: 4302048 out of 0 bytes used by permanent object pool.
[2022.01.05-10.24.36:097][  0]LogUObjectArray: CloseDisregardForGC: 0/0 objects in disregard for GC pool
[2022.01.05-10.24.36:452][  0]LogNiagaraDebuggerClient: Niagara Debugger Client Initialized | Session: CDAFBA0E482248989785E98E47289D5C | Instance: 2B4BAAA846B518E742111E8EFBBF8EF9 (DESKTOP-89ICMKT-8352).
[2022.01.05-10.24.36:487][  0]LogPython: Using Python 3.7.7
[2022.01.05-10.24.36:950][  0]LogTcpMessaging: Initializing TcpMessaging bridge
[2022.01.05-10.24.36:955][  0]LogUdpMessaging: Initializing bridge on interface 25.45.169.57:0 to multicast group 230.0.0.1:6666.
[2022.01.05-10.24.37:113][  0]SourceControl: Source control is disabled
[2022.01.05-10.24.37:113][  0]SourceControl: Source control is disabled
[2022.01.05-10.24.37:125][  0]SourceControl: Source control is disabled
[2022.01.05-10.24.37:131][  0]SourceControl: Source control is disabled
[2022.01.05-10.24.37:136][  0]SourceControl: Source control is disabled
[2022.01.05-10.24.37:145][  0]LogUProjectInfo: Found projects:
[2022.01.05-10.24.37:363][  0]LogOpenImageDenoise: OIDN starting up
[2022.01.05-10.24.37:393][  0]LogAndroidPermission: UAndroidPermissionCallbackProxy::GetInstance
[2022.01.05-10.24.37:414][  0]LogAudioCaptureCore: Display: No Audio Capture implementations found. Audio input will be silent.
[2022.01.05-10.24.37:414][  0]LogAudioCaptureCore: Display: No Audio Capture implementations found. Audio input will be silent.
[2022.01.05-10.24.37:564][  0]LogCollectionManager: Loaded 0 collections in 0.001157 seconds
[2022.01.05-10.24.37:585][  0]LogFileCache: Scanning file cache for directory 'C:/Users/admin/Documents/Unreal Projects/Floor1001/Saved/Collections/' took 0.00s
[2022.01.05-10.24.37:585][  0]LogFileCache: Scanning file cache for directory 'C:/Users/admin/Documents/Unreal Projects/Floor1001/Content/Developers/admin/Collections/' took 0.00s
[2022.01.05-10.24.37:585][  0]LogFileCache: Scanning file cache for directory 'C:/Users/admin/Documents/Unreal Projects/Floor1001/Content/Collections/' took 0.00s
[2022.01.05-10.24.37:585][  0]LogOcInput: OculusInput pre-init called
[2022.01.05-10.24.37:792][  0]LogClass: Display: EnumProperty FMultiUserClientConfig::ValidationMode is not initialized properly. Module:MultiUserClientLibrary File:Public/MultiUserClientStatics.h
[2022.01.05-10.24.37:792][  0]LogClass: Display: StructProperty FMultiUserClientInfo::AvatarColor is not initialized properly. Module:MultiUserClientLibrary File:Public/MultiUserClientStatics.h
[2022.01.05-10.24.37:792][  0]LogClass: Display: 2 Uninitialized script struct members found including 0 object properties
[2022.01.05-10.24.37:793][  0]LogEngine: Initializing Engine...
[2022.01.05-10.24.37:795][  0]LogHMD: Failed to enumerate extensions. Please check that you have a valid OpenXR runtime installed.
[2022.01.05-10.24.37:796][  0]LogHMD: Failed to initialize OpenVR with code 110
[2022.01.05-10.24.37:796][  0]LogMagicLeap: Warning: VR disabled because ZI is not enabled.  To enable, in the editor, Edit -> Project Settings -> Plugins -> Magic Leap Plugin -> Enable Zero Iteration
[2022.01.05-10.24.37:797][  0]LogStats: UGameplayTagsManager::InitializeManager -  0.000 s
[2022.01.05-10.24.37:920][  0]LogInit: Initializing FReadOnlyCVARCache
[2022.01.05-10.24.37:930][  0]LogAIModule: Creating AISystem for world Untitled
[2022.01.05-10.24.37:930][  0]LogAudio: Display: Initializing Audio Device Manager...
[2022.01.05-10.24.37:933][  0]LogAudio: Display: Loading Default Audio Settings Objects...
[2022.01.05-10.24.37:933][  0]LogAudio: Display: No default SoundConcurrencyObject specified (or failed to load).
[2022.01.05-10.24.37:934][  0]LogAudio: Display: Audio Device Manager Initialized
[2022.01.05-10.24.37:934][  0]LogAudio: Display: Creating Audio Device:                 Id: 1, Scope: Shared, Realtime: True
[2022.01.05-10.24.37:934][  0]LogAudioMixer: Display: Audio Mixer Platform Settings:
[2022.01.05-10.24.37:934][  0]LogAudioMixer: Display: 	Sample Rate:						  48000
[2022.01.05-10.24.37:934][  0]LogAudioMixer: Display: 	Callback Buffer Frame Size Requested: 1024
[2022.01.05-10.24.37:934][  0]LogAudioMixer: Display: 	Callback Buffer Frame Size To Use:	  1024
[2022.01.05-10.24.37:934][  0]LogAudioMixer: Display: 	Number of buffers to queue:			  2
[2022.01.05-10.24.37:934][  0]LogAudioMixer: Display: 	Max Channels (voices):				  32
[2022.01.05-10.24.37:934][  0]LogAudioMixer: Display: 	Number of Async Source Workers:		  0
[2022.01.05-10.24.37:934][  0]LogAudio: Display: AudioDevice MaxSources: 32
[2022.01.05-10.24.37:934][  0]LogAudio: Display: Audio Spatialization Plugin: None (built-in).
[2022.01.05-10.24.37:934][  0]LogAudio: Display: Audio Reverb Plugin: None (built-in).
[2022.01.05-10.24.37:934][  0]LogAudio: Display: Audio Occlusion Plugin: None (built-in).
[2022.01.05-10.24.37:934][  0]LogAudioMixer: Display: Initializing audio mixer.
[2022.01.05-10.24.37:941][  0]LogAudioMixer: Display: 0: FrontLeft
[2022.01.05-10.24.37:941][  0]LogAudioMixer: Display: 1: FrontRight
[2022.01.05-10.24.38:040][  0]LogAudioMixer: Display: Using Audio Device Speakers (Realtek(R) Audio)
[2022.01.05-10.24.38:041][  0]LogAudioMixer: Display: Initializing Sound Submixes...
[2022.01.05-10.24.38:043][  0]LogAudioMixer: Display: Creating Master Submix 'MasterSubmixDefault'
[2022.01.05-10.24.38:043][  0]LogAudioMixer: Display: Creating Master Submix 'MasterReverbSubmixDefault'
[2022.01.05-10.24.38:044][  0]LogAudioMixer: Display: Creating Master Submix 'MasterEQSubmixDefault'
[2022.01.05-10.24.38:044][  0]LogAudioMixer: FMixerPlatformXAudio2::StartAudioStream() called
[2022.01.05-10.24.38:044][  0]LogAudioMixer: Display: Output buffers initialized: Frames=1024, Channels=2, Samples=2048
[2022.01.05-10.24.38:045][  0]LogAudioMixer: Display: Starting AudioMixerPlatformInterface::RunInternal()
[2022.01.05-10.24.38:045][  0]LogAudioMixer: Display: FMixerPlatformXAudio2::SubmitBuffer() called for the first time
[2022.01.05-10.24.38:045][  0]LogInit: FAudioDevice initialized.
[2022.01.05-10.24.38:045][  0]LogAudio: Display: Audio Device (ID: 1) registered with world 'Untitled'.
[2022.01.05-10.24.38:045][  0]LogNetVersion: Set ProjectVersion to 1.0.0.0. Version Checksum will be recalculated on next use.
[2022.01.05-10.24.38:093][  0]LogDerivedDataCache: Saved boot cache 0.05s 94MB C:/Users/admin/AppData/Local/UnrealEngine/4.27/DerivedDataCache/Boot.ddc.
[2022.01.05-10.24.38:096][  0]LogInit: Texture streaming: Enabled
[2022.01.05-10.24.38:110][  0]LogAnalytics: Display: [UEEditor.Rocket.Release] APIServer = https://datarouter.ol.epicgames.com/. AppVersion = 4.27.2-18319896+++UE4+Release-4.27
[2022.01.05-10.24.38:114][  0]LogEngineSessionManager: EngineSessionManager initialized
[2022.01.05-10.24.38:114][  0]LogEngineSessionManager: EngineSessionManager sent abnormal shutdown report. Type=Crashed, SessionId={570F37F9-4B12-D792-0770-8B891208C754}
[2022.01.05-10.24.38:114][  0]LogEditorSessionSummary: Verbose: Initializing EditorSessionSummaryWriter for editor session tracking
[2022.01.05-10.24.38:115][  0]LogEditorSessionSummary: EditorSessionSummaryWriter initialized
[2022.01.05-10.24.38:140][  0]LogInit: Transaction tracking system initialized
[2022.01.05-10.24.38:159][  0]BlueprintLog: New page: Editor Load
[2022.01.05-10.24.38:210][  0]LocalizationService: Localization service is disabled
[2022.01.05-10.24.38:240][  0]TimingProfiler: Initialize
[2022.01.05-10.24.38:240][  0]TimingProfiler: OnSessionChanged
[2022.01.05-10.24.38:240][  0]LoadingProfiler: Initialize
[2022.01.05-10.24.38:240][  0]LoadingProfiler: OnSessionChanged
[2022.01.05-10.24.38:240][  0]NetworkingProfiler: Initialize
[2022.01.05-10.24.38:240][  0]NetworkingProfiler: OnSessionChanged
[2022.01.05-10.24.38:240][  0]MemoryProfiler: Initialize
[2022.01.05-10.24.38:241][  0]MemoryProfiler: OnSessionChanged
[2022.01.05-10.24.38:395][  0]LogCook: Display: CookSettings for Memory: MemoryMaxUsedVirtual 0MiB, MemoryMaxUsedPhysical 16384MiB, MemoryMinFreeVirtual 0MiB, MemoryMinFreePhysical 1024MiB
[2022.01.05-10.24.38:395][  0]LogCook: Display: Mobile HDR setting 1
[2022.01.05-10.24.38:599][  0]LogFileCache: Scanning file cache for directory 'C:/Users/admin/Documents/Unreal Projects/Floor1001/Content/' took 0.00s
[2022.01.05-10.24.38:786][  0]LogInit: Display: Engine is initialized. Leaving FEngineLoop::Init()
[2022.01.05-10.24.38:788][  0]SourceControl: Source control is disabled
[2022.01.05-10.24.38:788][  0]LogUnrealEdMisc: Loading editor; pre map load, took 6.373
[2022.01.05-10.24.38:788][  0]Cmd: MAP LOAD FILE="../../../../../../Users/admin/Documents/Unreal Projects/Floor1001/Content/ThirdPersonBP/Maps/ThirdPersonExampleMap.umap" TEMPLATE=0 SHOWPROGRESS=1 FEATURELEVEL=3
[2022.01.05-10.24.38:788][  0]LightingResults: New page: Lighting Build
[2022.01.05-10.24.38:789][  0]LogWorld: UWorld::CleanupWorld for Untitled, bSessionEnded=true, bCleanupResources=true
[2022.01.05-10.24.38:789][  0]LogSlate: InvalidateAllWidgets triggered.  All widgets were invalidated
[2022.01.05-10.24.38:789][  0]MapCheck: New page: Map Check
[2022.01.05-10.24.38:789][  0]LightingResults: New page: Lighting Build
[2022.01.05-10.24.38:794][  0]LogAudio: Display: Audio Device unregistered from world 'None'.
[2022.01.05-10.24.38:797][  0]LogUObjectHash: Compacting FUObjectHashTables data took   1.29ms
[2022.01.05-10.24.39:110][  0]LogAudio: Display: Audio Device (ID: 1) registered with world 'ThirdPersonExampleMap'.
[2022.01.05-10.24.39:111][  0]LogAIModule: Creating AISystem for world ThirdPersonExampleMap
[2022.01.05-10.24.39:115][  0]LogPhysics: Warning: Scale for /Game/ThirdPersonBP/Maps/ThirdPersonExampleMap.ThirdPersonExampleMap:PersistentLevel.Floor6.StaticMeshComponent0 has a component set to zero, which will result in a bad body instance. Scale:X=0.750 Y=0.750 Z=0.000
[2022.01.05-10.24.39:115][  0]LogPhysics: Warning: PopulatePhysXGeometryAndTransform(Convex): ConvexElem has invalid transform
[2022.01.05-10.24.39:115][  0]LogPhysics: Warning: ForeachShape(Convex): ScaledElem[0] invalid
[2022.01.05-10.24.39:115][  0]LogPhysics: Warning: PopulatePhysXGeometryAndTransform(Convex): ConvexElem has invalid transform
[2022.01.05-10.24.39:115][  0]LogPhysics: Warning: ForeachShape(Convex): ScaledElem[1] invalid
[2022.01.05-10.24.39:115][  0]LogPhysics: Warning: PopulatePhysXGeometryAndTransform(Convex): ConvexElem has invalid transform
[2022.01.05-10.24.39:115][  0]LogPhysics: Warning: ForeachShape(Convex): ScaledElem[2] invalid
[2022.01.05-10.24.39:115][  0]LogPhysics: Warning: PopulatePhysXGeometryAndTransform(Convex): ConvexElem has invalid transform
[2022.01.05-10.24.39:115][  0]LogPhysics: Warning: ForeachShape(Convex): ScaledElem[3] invalid
[2022.01.05-10.24.39:115][  0]LogPhysics: Warning: Scale for /Game/ThirdPersonBP/Maps/ThirdPersonExampleMap.ThirdPersonExampleMap:PersistentLevel.Floor7.StaticMeshComponent0 has a component set to zero, which will result in a bad body instance. Scale:X=0.750 Y=0.750 Z=0.000
[2022.01.05-10.24.39:115][  0]LogPhysics: Warning: PopulatePhysXGeometryAndTransform(Convex): ConvexElem has invalid transform
[2022.01.05-10.24.39:115][  0]LogPhysics: Warning: ForeachShape(Convex): ScaledElem[0] invalid
[2022.01.05-10.24.39:115][  0]LogPhysics: Warning: PopulatePhysXGeometryAndTransform(Convex): ConvexElem has invalid transform
[2022.01.05-10.24.39:115][  0]LogPhysics: Warning: ForeachShape(Convex): ScaledElem[1] invalid
[2022.01.05-10.24.39:115][  0]LogPhysics: Warning: PopulatePhysXGeometryAndTransform(Convex): ConvexElem has invalid transform
[2022.01.05-10.24.39:115][  0]LogPhysics: Warning: ForeachShape(Convex): ScaledElem[2] invalid
[2022.01.05-10.24.39:115][  0]LogPhysics: Warning: PopulatePhysXGeometryAndTransform(Convex): ConvexElem has invalid transform
[2022.01.05-10.24.39:115][  0]LogPhysics: Warning: ForeachShape(Convex): ScaledElem[3] invalid
[2022.01.05-10.24.39:121][  0]LogEditorServer: Finished looking for orphan Actors (0.000 secs)
[2022.01.05-10.24.39:132][  0]LogUObjectHash: Compacting FUObjectHashTables data took   1.28ms
[2022.01.05-10.24.39:134][  0]Cmd: MAP CHECKDEP NOCLEARLOG
[2022.01.05-10.24.39:134][  0]MapCheck: Map check complete: ٠ Error(s), ٠ Warning(s), took ٠٫١٩٦ms to complete.
[2022.01.05-10.24.39:134][  0]LogFileHelpers: Loading map 'ThirdPersonExampleMap' took 0.346
[2022.01.05-10.24.39:136][  0]LogUnrealEdMisc: Total Editor Startup Time, took 6.722
[2022.01.05-10.24.39:221][  0]LogSlate: Updating window title bar state: overlay mode, drag disabled, window buttons hidden, title bar hidden
[2022.01.05-10.24.39:226][  0]LogSlate: Updating window title bar state: overlay mode, drag disabled, window buttons hidden, title bar hidden
[2022.01.05-10.24.39:231][  0]LogSlate: Updating window title bar state: overlay mode, drag disabled, window buttons hidden, title bar hidden
[2022.01.05-10.24.39:236][  0]LogSlate: Updating window title bar state: overlay mode, drag disabled, window buttons hidden, title bar hidden
[2022.01.05-10.24.39:250][  0]LogNativeClassHierarchy: Verbose: Native class hierarchy populated in 0.0106 seconds. Added 3834 classes and 949 folders.
[2022.01.05-10.24.39:251][  0]LogNativeClassHierarchy: Verbose: Native class hierarchy updated for 'WidgetCarousel' in 0.0002 seconds. Added 0 classes and 0 folders.
[2022.01.05-10.24.39:252][  0]LogPakFile: PakFile PrimaryIndexSize=187
[2022.01.05-10.24.39:252][  0]LogPakFile: PakFile PathHashIndexSize=101
[2022.01.05-10.24.39:252][  0]LogPakFile: PakFile FullDirectoryIndexSize=148
[2022.01.05-10.24.39:252][  0]LogShaderLibrary: Display: ShaderCodeLibraryPakFileMountedCallback: PakFile 'C:/Program Files/Epic Games/UE_4.27/FeaturePacks/FP_FirstPerson.upack' (chunk index -1, root 'root:/') mounted
[2022.01.05-10.24.39:252][  0]LogShaderLibrary: Display: ShaderCodeLibraryPakFileMountedCallback: pending pak file info (ChunkID:-1 Root:root:/ File:C:/Program Files/Epic Games/UE_4.27/FeaturePacks/FP_FirstPerson.upack)
[2022.01.05-10.24.39:252][  0]LogPakFile: OnPakFileMounted2Time == 0.000043
[2022.01.05-10.24.39:253][  0]LogPakFile: PakFile PrimaryIndexSize=189
[2022.01.05-10.24.39:253][  0]LogPakFile: PakFile PathHashIndexSize=101
[2022.01.05-10.24.39:253][  0]LogPakFile: PakFile FullDirectoryIndexSize=152
[2022.01.05-10.24.39:253][  0]LogShaderLibrary: Display: ShaderCodeLibraryPakFileMountedCallback: PakFile 'C:/Program Files/Epic Games/UE_4.27/FeaturePacks/FP_FirstPersonBP.upack' (chunk index -1, root 'root:/') mounted
[2022.01.05-10.24.39:253][  0]LogShaderLibrary: Display: ShaderCodeLibraryPakFileMountedCallback: pending pak file info (ChunkID:-1 Root:root:/ File:C:/Program Files/Epic Games/UE_4.27/FeaturePacks/FP_FirstPersonBP.upack)
[2022.01.05-10.24.39:253][  0]LogPakFile: OnPakFileMounted2Time == 0.000025
[2022.01.05-10.24.39:253][  0]LogPakFile: PakFile PrimaryIndexSize=191
[2022.01.05-10.24.39:253][  0]LogPakFile: PakFile PathHashIndexSize=101
[2022.01.05-10.24.39:253][  0]LogPakFile: PakFile FullDirectoryIndexSize=160
[2022.01.05-10.24.39:253][  0]LogShaderLibrary: Display: ShaderCodeLibraryPakFileMountedCallback: PakFile 'C:/Program Files/Epic Games/UE_4.27/FeaturePacks/MobileStarterContent.upack' (chunk index -1, root 'root:/') mounted
[2022.01.05-10.24.39:253][  0]LogShaderLibrary: Display: ShaderCodeLibraryPakFileMountedCallback: pending pak file info (ChunkID:-1 Root:root:/ File:C:/Program Files/Epic Games/UE_4.27/FeaturePacks/MobileStarterContent.upack)
[2022.01.05-10.24.39:253][  0]LogPakFile: OnPakFileMounted2Time == 0.000023
[2022.01.05-10.24.39:253][  0]LogPakFile: PakFile PrimaryIndexSize=185
[2022.01.05-10.24.39:253][  0]LogPakFile: PakFile PathHashIndexSize=101
[2022.01.05-10.24.39:253][  0]LogPakFile: PakFile FullDirectoryIndexSize=148
[2022.01.05-10.24.39:253][  0]LogShaderLibrary: Display: ShaderCodeLibraryPakFileMountedCallback: PakFile 'C:/Program Files/Epic Games/UE_4.27/FeaturePacks/StarterContent.upack' (chunk index -1, root 'root:/') mounted
[2022.01.05-10.24.39:253][  0]LogShaderLibrary: Display: ShaderCodeLibraryPakFileMountedCallback: pending pak file info (ChunkID:-1 Root:root:/ File:C:/Program Files/Epic Games/UE_4.27/FeaturePacks/StarterContent.upack)
[2022.01.05-10.24.39:253][  0]LogPakFile: OnPakFileMounted2Time == 0.000024
[2022.01.05-10.24.39:254][  0]LogPakFile: PakFile PrimaryIndexSize=190
[2022.01.05-10.24.39:254][  0]LogPakFile: PakFile PathHashIndexSize=101
[2022.01.05-10.24.39:254][  0]LogPakFile: PakFile FullDirectoryIndexSize=154
[2022.01.05-10.24.39:254][  0]LogShaderLibrary: Display: ShaderCodeLibraryPakFileMountedCallback: PakFile 'C:/Program Files/Epic Games/UE_4.27/FeaturePacks/TP_2DSideScroller.upack' (chunk index -1, root 'root:/') mounted
[2022.01.05-10.24.39:254][  0]LogShaderLibrary: Display: ShaderCodeLibraryPakFileMountedCallback: pending pak file info (ChunkID:-1 Root:root:/ File:C:/Program Files/Epic Games/UE_4.27/FeaturePacks/TP_2DSideScroller.upack)
[2022.01.05-10.24.39:254][  0]LogPakFile: OnPakFileMounted2Time == 0.000023
[2022.01.05-10.24.39:254][  0]LogPakFile: PakFile PrimaryIndexSize=192
[2022.01.05-10.24.39:254][  0]LogPakFile: PakFile PathHashIndexSize=101
[2022.01.05-10.24.39:254][  0]LogPakFile: PakFile FullDirectoryIndexSize=158
[2022.01.05-10.24.39:254][  0]LogShaderLibrary: Display: ShaderCodeLibraryPakFileMountedCallback: PakFile 'C:/Program Files/Epic Games/UE_4.27/FeaturePacks/TP_2DSideScrollerBP.upack' (chunk index -1, root 'root:/') mounted
[2022.01.05-10.24.39:254][  0]LogShaderLibrary: Display: ShaderCodeLibraryPakFileMountedCallback: pending pak file info (ChunkID:-1 Root:root:/ File:C:/Program Files/Epic Games/UE_4.27/FeaturePacks/TP_2DSideScrollerBP.upack)
[2022.01.05-10.24.39:254][  0]LogPakFile: OnPakFileMounted2Time == 0.000022
[2022.01.05-10.24.39:254][  0]LogPakFile: PakFile PrimaryIndexSize=182
[2022.01.05-10.24.39:254][  0]LogPakFile: PakFile PathHashIndexSize=101
[2022.01.05-10.24.39:254][  0]LogPakFile: PakFile FullDirectoryIndexSize=138
[2022.01.05-10.24.39:254][  0]LogShaderLibrary: Display: ShaderCodeLibraryPakFileMountedCallback: PakFile 'C:/Program Files/Epic Games/UE_4.27/FeaturePacks/TP_Flying.upack' (chunk index -1, root 'root:/') mounted
[2022.01.05-10.24.39:254][  0]LogShaderLibrary: Display: ShaderCodeLibraryPakFileMountedCallback: pending pak file info (ChunkID:-1 Root:root:/ File:C:/Program Files/Epic Games/UE_4.27/FeaturePacks/TP_Flying.upack)
[2022.01.05-10.24.39:254][  0]LogPakFile: OnPakFileMounted2Time == 0.000022
[2022.01.05-10.24.39:254][  0]LogPakFile: PakFile PrimaryIndexSize=184
[2022.01.05-10.24.39:255][  0]LogPakFile: PakFile PathHashIndexSize=101
[2022.01.05-10.24.39:255][  0]LogPakFile: PakFile FullDirectoryIndexSize=142
[2022.01.05-10.24.39:255][  0]LogShaderLibrary: Display: ShaderCodeLibraryPakFileMountedCallback: PakFile 'C:/Program Files/Epic Games/UE_4.27/FeaturePacks/TP_FlyingBP.upack' (chunk index -1, root 'root:/') mounted
[2022.01.05-10.24.39:255][  0]LogShaderLibrary: Display: ShaderCodeLibraryPakFileMountedCallback: pending pak file info (ChunkID:-1 Root:root:/ File:C:/Program Files/Epic Games/UE_4.27/FeaturePacks/TP_FlyingBP.upack)
[2022.01.05-10.24.39:255][  0]LogPakFile: OnPakFileMounted2Time == 0.000030
[2022.01.05-10.24.39:255][  0]LogPakFile: PakFile PrimaryIndexSize=188
[2022.01.05-10.24.39:255][  0]LogPakFile: PakFile PathHashIndexSize=101
[2022.01.05-10.24.39:255][  0]LogPakFile: PakFile FullDirectoryIndexSize=150
[2022.01.05-10.24.39:255][  0]LogShaderLibrary: Display: ShaderCodeLibraryPakFileMountedCallback: PakFile 'C:/Program Files/Epic Games/UE_4.27/FeaturePacks/TP_HandheldARBP.upack' (chunk index -1, root 'root:/') mounted
[2022.01.05-10.24.39:255][  0]LogShaderLibrary: Display: ShaderCodeLibraryPakFileMountedCallback: pending pak file info (ChunkID:-1 Root:root:/ File:C:/Program Files/Epic Games/UE_4.27/FeaturePacks/TP_HandheldARBP.upack)
[2022.01.05-10.24.39:255][  0]LogPakFile: OnPakFileMounted2Time == 0.000024
[2022.01.05-10.24.39:256][  0]LogPakFile: PakFile PrimaryIndexSize=182
[2022.01.05-10.24.39:256][  0]LogPakFile: PakFile PathHashIndexSize=101
[2022.01.05-10.24.39:256][  0]LogPakFile: PakFile FullDirectoryIndexSize=138
[2022.01.05-10.24.39:256][  0]LogShaderLibrary: Display: ShaderCodeLibraryPakFileMountedCallback: PakFile 'C:/Program Files/Epic Games/UE_4.27/FeaturePacks/TP_Puzzle.upack' (chunk index -1, root 'root:/') mounted
[2022.01.05-10.24.39:256][  0]LogShaderLibrary: Display: ShaderCodeLibraryPakFileMountedCallback: pending pak file info (ChunkID:-1 Root:root:/ File:C:/Program Files/Epic Games/UE_4.27/FeaturePacks/TP_Puzzle.upack)
[2022.01.05-10.24.39:256][  0]LogPakFile: OnPakFileMounted2Time == 0.000028
[2022.01.05-10.24.39:256][  0]LogPakFile: PakFile PrimaryIndexSize=184
[2022.01.05-10.24.39:256][  0]LogPakFile: PakFile PathHashIndexSize=101
[2022.01.05-10.24.39:256][  0]LogPakFile: PakFile FullDirectoryIndexSize=142
[2022.01.05-10.24.39:256][  0]LogShaderLibrary: Display: ShaderCodeLibraryPakFileMountedCallback: PakFile 'C:/Program Files/Epic Games/UE_4.27/FeaturePacks/TP_PuzzleBP.upack' (chunk index -1, root 'root:/') mounted
[2022.01.05-10.24.39:256][  0]LogShaderLibrary: Display: ShaderCodeLibraryPakFileMountedCallback: pending pak file info (ChunkID:-1 Root:root:/ File:C:/Program Files/Epic Games/UE_4.27/FeaturePacks/TP_PuzzleBP.upack)
[2022.01.05-10.24.39:256][  0]LogPakFile: OnPakFileMounted2Time == 0.000023
[2022.01.05-10.24.39:257][  0]LogPakFile: PakFile PrimaryIndexSize=183
[2022.01.05-10.24.39:257][  0]LogPakFile: PakFile PathHashIndexSize=101
[2022.01.05-10.24.39:257][  0]LogPakFile: PakFile FullDirectoryIndexSize=140
[2022.01.05-10.24.39:257][  0]LogShaderLibrary: Display: ShaderCodeLibraryPakFileMountedCallback: PakFile 'C:/Program Files/Epic Games/UE_4.27/FeaturePacks/TP_Rolling.upack' (chunk index -1, root 'root:/') mounted
[2022.01.05-10.24.39:257][  0]LogShaderLibrary: Display: ShaderCodeLibraryPakFileMountedCallback: pending pak file info (ChunkID:-1 Root:root:/ File:C:/Program Files/Epic Games/UE_4.27/FeaturePacks/TP_Rolling.upack)
[2022.01.05-10.24.39:257][  0]LogPakFile: OnPakFileMounted2Time == 0.000022
[2022.01.05-10.24.39:257][  0]LogPakFile: PakFile PrimaryIndexSize=185
[2022.01.05-10.24.39:257][  0]LogPakFile: PakFile PathHashIndexSize=101
[2022.01.05-10.24.39:257][  0]LogPakFile: PakFile FullDirectoryIndexSize=144
[2022.01.05-10.24.39:257][  0]LogShaderLibrary: Display: ShaderCodeLibraryPakFileMountedCallback: PakFile 'C:/Program Files/Epic Games/UE_4.27/FeaturePacks/TP_RollingBP.upack' (chunk index -1, root 'root:/') mounted
[2022.01.05-10.24.39:257][  0]LogShaderLibrary: Display: ShaderCodeLibraryPakFileMountedCallback: pending pak file info (ChunkID:-1 Root:root:/ File:C:/Program Files/Epic Games/UE_4.27/FeaturePacks/TP_RollingBP.upack)
[2022.01.05-10.24.39:257][  0]LogPakFile: OnPakFileMounted2Time == 0.000023
[2022.01.05-10.24.39:257][  0]LogPakFile: PakFile PrimaryIndexSize=188
[2022.01.05-10.24.39:257][  0]LogPakFile: PakFile PathHashIndexSize=101
[2022.01.05-10.24.39:257][  0]LogPakFile: PakFile FullDirectoryIndexSize=150
[2022.01.05-10.24.39:257][  0]LogShaderLibrary: Display: ShaderCodeLibraryPakFileMountedCallback: PakFile 'C:/Program Files/Epic Games/UE_4.27/FeaturePacks/TP_SideScroller.upack' (chunk index -1, root 'root:/') mounted
[2022.01.05-10.24.39:257][  0]LogShaderLibrary: Display: ShaderCodeLibraryPakFileMountedCallback: pending pak file info (ChunkID:-1 Root:root:/ File:C:/Program Files/Epic Games/UE_4.27/FeaturePacks/TP_SideScroller.upack)
[2022.01.05-10.24.39:257][  0]LogPakFile: OnPakFileMounted2Time == 0.000023
[2022.01.05-10.24.39:257][  0]LogPakFile: PakFile PrimaryIndexSize=190
[2022.01.05-10.24.39:257][  0]LogPakFile: PakFile PathHashIndexSize=101
[2022.01.05-10.24.39:257][  0]LogPakFile: PakFile FullDirectoryIndexSize=154
[2022.01.05-10.24.39:257][  0]LogShaderLibrary: Display: ShaderCodeLibraryPakFileMountedCallback: PakFile 'C:/Program Files/Epic Games/UE_4.27/FeaturePacks/TP_SideScrollerBP.upack' (chunk index -1, root 'root:/') mounted
[2022.01.05-10.24.39:257][  0]LogShaderLibrary: Display: ShaderCodeLibraryPakFileMountedCallback: pending pak file info (ChunkID:-1 Root:root:/ File:C:/Program Files/Epic Games/UE_4.27/FeaturePacks/TP_SideScrollerBP.upack)
[2022.01.05-10.24.39:258][  0]LogPakFile: OnPakFileMounted2Time == 0.000025
[2022.01.05-10.24.39:258][  0]LogPakFile: PakFile PrimaryIndexSize=187
[2022.01.05-10.24.39:258][  0]LogPakFile: PakFile PathHashIndexSize=101
[2022.01.05-10.24.39:258][  0]LogPakFile: PakFile FullDirectoryIndexSize=148
[2022.01.05-10.24.39:258][  0]LogShaderLibrary: Display: ShaderCodeLibraryPakFileMountedCallback: PakFile 'C:/Program Files/Epic Games/UE_4.27/FeaturePacks/TP_ThirdPerson.upack' (chunk index -1, root 'root:/') mounted
[2022.01.05-10.24.39:258][  0]LogShaderLibrary: Display: ShaderCodeLibraryPakFileMountedCallback: pending pak file info (ChunkID:-1 Root:root:/ File:C:/Program Files/Epic Games/UE_4.27/FeaturePacks/TP_ThirdPerson.upack)
[2022.01.05-10.24.39:258][  0]LogPakFile: OnPakFileMounted2Time == 0.000023
[2022.01.05-10.24.39:258][  0]LogPakFile: PakFile PrimaryIndexSize=189
[2022.01.05-10.24.39:258][  0]LogPakFile: PakFile PathHashIndexSize=101
[2022.01.05-10.24.39:258][  0]LogPakFile: PakFile FullDirectoryIndexSize=152
[2022.01.05-10.24.39:258][  0]LogShaderLibrary: Display: ShaderCodeLibraryPakFileMountedCallback: PakFile 'C:/Program Files/Epic Games/UE_4.27/FeaturePacks/TP_ThirdPersonBP.upack' (chunk index -1, root 'root:/') mounted
[2022.01.05-10.24.39:258][  0]LogShaderLibrary: Display: ShaderCodeLibraryPakFileMountedCallback: pending pak file info (ChunkID:-1 Root:root:/ File:C:/Program Files/Epic Games/UE_4.27/FeaturePacks/TP_ThirdPersonBP.upack)
[2022.01.05-10.24.39:258][  0]LogPakFile: OnPakFileMounted2Time == 0.000022
[2022.01.05-10.24.39:258][  0]LogPakFile: PakFile PrimaryIndexSize=183
[2022.01.05-10.24.39:258][  0]LogPakFile: PakFile PathHashIndexSize=101
[2022.01.05-10.24.39:258][  0]LogPakFile: PakFile FullDirectoryIndexSize=140
[2022.01.05-10.24.39:258][  0]LogShaderLibrary: Display: ShaderCodeLibraryPakFileMountedCallback: PakFile 'C:/Program Files/Epic Games/UE_4.27/FeaturePacks/TP_TopDown.upack' (chunk index -1, root 'root:/') mounted
[2022.01.05-10.24.39:258][  0]LogShaderLibrary: Display: ShaderCodeLibraryPakFileMountedCallback: pending pak file info (ChunkID:-1 Root:root:/ File:C:/Program Files/Epic Games/UE_4.27/FeaturePacks/TP_TopDown.upack)
[2022.01.05-10.24.39:258][  0]LogPakFile: OnPakFileMounted2Time == 0.000030
[2022.01.05-10.24.39:259][  0]LogPakFile: PakFile PrimaryIndexSize=185
[2022.01.05-10.24.39:259][  0]LogPakFile: PakFile PathHashIndexSize=101
[2022.01.05-10.24.39:259][  0]LogPakFile: PakFile FullDirectoryIndexSize=144
[2022.01.05-10.24.39:259][  0]LogShaderLibrary: Display: ShaderCodeLibraryPakFileMountedCallback: PakFile 'C:/Program Files/Epic Games/UE_4.27/FeaturePacks/TP_TopDownBP.upack' (chunk index -1, root 'root:/') mounted
[2022.01.05-10.24.39:259][  0]LogShaderLibrary: Display: ShaderCodeLibraryPakFileMountedCallback: pending pak file info (ChunkID:-1 Root:root:/ File:C:/Program Files/Epic Games/UE_4.27/FeaturePacks/TP_TopDownBP.upack)
[2022.01.05-10.24.39:259][  0]LogPakFile: OnPakFileMounted2Time == 0.000022
[2022.01.05-10.24.39:259][  0]LogPakFile: PakFile PrimaryIndexSize=185
[2022.01.05-10.24.39:259][  0]LogPakFile: PakFile PathHashIndexSize=101
[2022.01.05-10.24.39:259][  0]LogPakFile: PakFile FullDirectoryIndexSize=144
[2022.01.05-10.24.39:259][  0]LogShaderLibrary: Display: ShaderCodeLibraryPakFileMountedCallback: PakFile 'C:/Program Files/Epic Games/UE_4.27/FeaturePacks/TP_TwinStick.upack' (chunk index -1, root 'root:/') mounted
[2022.01.05-10.24.39:259][  0]LogShaderLibrary: Display: ShaderCodeLibraryPakFileMountedCallback: pending pak file info (ChunkID:-1 Root:root:/ File:C:/Program Files/Epic Games/UE_4.27/FeaturePacks/TP_TwinStick.upack)
[2022.01.05-10.24.39:259][  0]LogPakFile: OnPakFileMounted2Time == 0.000022
[2022.01.05-10.24.39:259][  0]LogPakFile: PakFile PrimaryIndexSize=187
[2022.01.05-10.24.39:259][  0]LogPakFile: PakFile PathHashIndexSize=101
[2022.01.05-10.24.39:259][  0]LogPakFile: PakFile FullDirectoryIndexSize=148
[2022.01.05-10.24.39:259][  0]LogShaderLibrary: Display: ShaderCodeLibraryPakFileMountedCallback: PakFile 'C:/Program Files/Epic Games/UE_4.27/FeaturePacks/TP_TwinStickBP.upack' (chunk index -1, root 'root:/') mounted
[2022.01.05-10.24.39:259][  0]LogShaderLibrary: Display: ShaderCodeLibraryPakFileMountedCallback: pending pak file info (ChunkID:-1 Root:root:/ File:C:/Program Files/Epic Games/UE_4.27/FeaturePacks/TP_TwinStickBP.upack)
[2022.01.05-10.24.39:259][  0]LogPakFile: OnPakFileMounted2Time == 0.000021
[2022.01.05-10.24.39:260][  0]LogPakFile: PakFile PrimaryIndexSize=183
[2022.01.05-10.24.39:260][  0]LogPakFile: PakFile PathHashIndexSize=101
[2022.01.05-10.24.39:260][  0]LogPakFile: PakFile FullDirectoryIndexSize=140
[2022.01.05-10.24.39:260][  0]LogShaderLibrary: Display: ShaderCodeLibraryPakFileMountedCallback: PakFile 'C:/Program Files/Epic Games/UE_4.27/FeaturePacks/TP_Vehicle.upack' (chunk index -1, root 'root:/') mounted
[2022.01.05-10.24.39:260][  0]LogShaderLibrary: Display: ShaderCodeLibraryPakFileMountedCallback: pending pak file info (ChunkID:-1 Root:root:/ File:C:/Program Files/Epic Games/UE_4.27/FeaturePacks/TP_Vehicle.upack)
[2022.01.05-10.24.39:260][  0]LogPakFile: OnPakFileMounted2Time == 0.000024
[2022.01.05-10.24.39:260][  0]LogPakFile: PakFile PrimaryIndexSize=186
[2022.01.05-10.24.39:260][  0]LogPakFile: PakFile PathHashIndexSize=101
[2022.01.05-10.24.39:260][  0]LogPakFile: PakFile FullDirectoryIndexSize=146
[2022.01.05-10.24.39:260][  0]LogShaderLibrary: Display: ShaderCodeLibraryPakFileMountedCallback: PakFile 'C:/Program Files/Epic Games/UE_4.27/FeaturePacks/TP_VehicleAdv.upack' (chunk index -1, root 'root:/') mounted
[2022.01.05-10.24.39:260][  0]LogShaderLibrary: Display: ShaderCodeLibraryPakFileMountedCallback: pending pak file info (ChunkID:-1 Root:root:/ File:C:/Program Files/Epic Games/UE_4.27/FeaturePacks/TP_VehicleAdv.upack)
[2022.01.05-10.24.39:260][  0]LogPakFile: OnPakFileMounted2Time == 0.000023
[2022.01.05-10.24.39:260][  0]LogPakFile: PakFile PrimaryIndexSize=188
[2022.01.05-10.24.39:260][  0]LogPakFile: PakFile PathHashIndexSize=101
[2022.01.05-10.24.39:260][  0]LogPakFile: PakFile FullDirectoryIndexSize=150
[2022.01.05-10.24.39:260][  0]LogShaderLibrary: Display: ShaderCodeLibraryPakFileMountedCallback: PakFile 'C:/Program Files/Epic Games/UE_4.27/FeaturePacks/TP_VehicleAdvBP.upack' (chunk index -1, root 'root:/') mounted
[2022.01.05-10.24.39:260][  0]LogShaderLibrary: Display: ShaderCodeLibraryPakFileMountedCallback: pending pak file info (ChunkID:-1 Root:root:/ File:C:/Program Files/Epic Games/UE_4.27/FeaturePacks/TP_VehicleAdvBP.upack)
[2022.01.05-10.24.39:260][  0]LogPakFile: OnPakFileMounted2Time == 0.000024
[2022.01.05-10.24.39:260][  0]LogPakFile: PakFile PrimaryIndexSize=185
[2022.01.05-10.24.39:260][  0]LogPakFile: PakFile PathHashIndexSize=101
[2022.01.05-10.24.39:261][  0]LogPakFile: PakFile FullDirectoryIndexSize=144
[2022.01.05-10.24.39:261][  0]LogShaderLibrary: Display: ShaderCodeLibraryPakFileMountedCallback: PakFile 'C:/Program Files/Epic Games/UE_4.27/FeaturePacks/TP_VehicleBP.upack' (chunk index -1, root 'root:/') mounted
[2022.01.05-10.24.39:261][  0]LogShaderLibrary: Display: ShaderCodeLibraryPakFileMountedCallback: pending pak file info (ChunkID:-1 Root:root:/ File:C:/Program Files/Epic Games/UE_4.27/FeaturePacks/TP_VehicleBP.upack)
[2022.01.05-10.24.39:261][  0]LogPakFile: OnPakFileMounted2Time == 0.000024
[2022.01.05-10.24.39:261][  0]LogPakFile: PakFile PrimaryIndexSize=192
[2022.01.05-10.24.39:261][  0]LogPakFile: PakFile PathHashIndexSize=101
[2022.01.05-10.24.39:261][  0]LogPakFile: PakFile FullDirectoryIndexSize=158
[2022.01.05-10.24.39:261][  0]LogShaderLibrary: Display: ShaderCodeLibraryPakFileMountedCallback: PakFile 'C:/Program Files/Epic Games/UE_4.27/FeaturePacks/TP_VirtualRealityBP.upack' (chunk index -1, root 'root:/') mounted
[2022.01.05-10.24.39:261][  0]LogShaderLibrary: Display: ShaderCodeLibraryPakFileMountedCallback: pending pak file info (ChunkID:-1 Root:root:/ File:C:/Program Files/Epic Games/UE_4.27/FeaturePacks/TP_VirtualRealityBP.upack)
[2022.01.05-10.24.39:261][  0]LogPakFile: OnPakFileMounted2Time == 0.000022
[2022.01.05-10.24.39:288][  0]LogNativeClassHierarchy: Verbose: Native class hierarchy updated for 'AddContentDialog' in 0.0002 seconds. Added 0 classes and 0 folders.
[2022.01.05-10.24.39:289][  0]LogNativeClassHierarchy: Verbose: Native class hierarchy updated for 'SceneOutliner' in 0.0002 seconds. Added 2 classes and 0 folders.
[2022.01.05-10.24.39:374][  0]LogSlate: Took 0.000211 seconds to synchronously load lazily loaded font '../../../Engine/Content/Slate/Fonts/Roboto-Regular.ttf' (155K)
[2022.01.05-10.24.39:376][  0]LogSlate: Took 0.000175 seconds to synchronously load lazily loaded font '../../../Engine/Content/Editor/Slate/Fonts/FontAwesome.ttf' (139K)
[2022.01.05-10.24.39:379][  0]LogSlate: Took 0.000140 seconds to synchronously load lazily loaded font '../../../Engine/Content/Slate/Fonts/Roboto-Bold.ttf' (160K)
[2022.01.05-10.24.39:379][  0]LogSlate: Took 0.000093 seconds to synchronously load lazily loaded font '../../../Engine/Content/Slate/Fonts/NotoNaskhArabicUI-Regular.ttf' (144K)
[2022.01.05-10.24.39:443][  0]LogRenderer: Reallocating scene render targets to support 1176x404 Format 10 NumSamples 1 (Frame:1).
[2022.01.05-10.24.39:567][  0]LogNativeClassHierarchy: Verbose: Native class hierarchy updated for 'HierarchicalLODOutliner' in 0.0003 seconds. Added 0 classes and 0 folders.
[2022.01.05-10.24.39:568][  0]LogInput: Warning: Action Jump uses invalid key OculusGo_Left_Trigger_Click.
[2022.01.05-10.24.39:568][  0]LogInput: Warning: Use -RemoveInvalidKeys to remove instances of these keys from the action mapping.
[2022.01.05-10.24.39:568][  0]LogLoad: (Engine Initialization) Total time: 7.15 seconds
[2022.01.05-10.24.39:568][  0]LogLoad: (Engine Initialization) Total Blueprint compile time: 0.00 seconds
[2022.01.05-10.24.39:632][  0]LogAssetRegistry: Asset discovery search completed in 4.3436 seconds
[2022.01.05-10.24.39:639][  0]LogCollectionManager: Fixed up redirectors for 0 collections in 0.000005 seconds (updated 0 objects)
[2022.01.05-10.24.39:641][  0]LogContentStreaming: Texture pool size now 3000 MB
[2022.01.05-10.24.40:268][  2]LogSlate: Took 0.000171 seconds to synchronously load lazily loaded font '../../../Engine/Content/Slate/Fonts/Roboto-Light.ttf' (167K)
[2022.01.05-10.24.40:927][  5]LogConcert: Display: Server DESKTOP-89ICMKT discovered.
